#
# A fatal error has been detected by the Java Runtime Environment:
#
#  SIGSEGV (0xb) at pc=0x00007f84ba08f401, pid=17705, tid=17722
#
# JRE version: OpenJDK Runtime Environment (11.0.6+10) (build 11.0.6+10-post-Ubuntu-1ubuntu118.04.1)
# Java VM: OpenJDK 64-Bit Server VM (11.0.6+10-post-Ubuntu-1ubuntu118.04.1, mixed mode, sharing, tiered, compressed oops, g1 gc, linux-amd64)
# Problematic frame:
# C  [libjimage.so+0x2401]
#
# Core dump will be written. Default location: Core dumps may be processed with "/usr/share/apport/apport %p %s %c %d %P %E" (or dumping to /home/x-val/git/Sklad/Sklad/core.17705)
#
# If you would like to submit a bug report, please visit:
#   https://bugs.launchpad.net/ubuntu/+source/openjdk-lts
#

---------------  S U M M A R Y ------------

Command Line: -agentlib:jdwp=transport=dt_socket,suspend=y,address=localhost:35809 -javaagent:/home/x-val/Рабочий стол/eclipse/configuration/org.eclipse.osgi/704/0/.cp/lib/javaagent-shaded.jar -Dfile.encoding=UTF-8 ControllerPart.main

Host: Intel(R) Core(TM) i5-3230M CPU @ 2.60GHz, 4 cores, 3G, Ubuntu 18.04.4 LTS
Time: Fri Apr 17 21:19:47 2020 +03 elapsed time: 5169 seconds (0d 1h 26m 9s)

---------------  T H R E A D  ---------------

Current thread (0x00007f84b412d000):  JavaThread "Signal Dispatcher" daemon [_thread_in_vm, id=17722, stack(0x00007f849c185000,0x00007f849c286000)]

Stack: [0x00007f849c185000,0x00007f849c286000],  sp=0x00007f849c283140,  free space=1016k
Native frames: (J=compiled Java code, A=aot compiled Java code, j=interpreted, Vv=VM code, C=native code)
C  [libjimage.so+0x2401]
C  [libjimage.so+0x30ea]
C  [libjimage.so+0x35c6]  JIMAGE_FindResource+0xd6
V  [libjvm.so+0x59098e]
V  [libjvm.so+0x5936f0]
V  [libjvm.so+0xd49c05]
V  [libjvm.so+0xd4759a]
V  [libjvm.so+0xd4a192]
V  [libjvm.so+0x644c4d]
V  [libjvm.so+0x839b0c]
j  jdk.internal.misc.Signal.dispatch(I)V+25 java.base@11.0.6
v  ~StubRoutines::call_stub
V  [libjvm.so+0x8493b9]
V  [libjvm.so+0x8481a5]
V  [libjvm.so+0xbbdaac]
V  [libjvm.so+0xd83203]
V  [libjvm.so+0xd834d5]
V  [libjvm.so+0xd7f20a]
V  [libjvm.so+0xbcf1fe]

Java frames: (J=compiled Java code, j=interpreted, Vv=VM code)
j  jdk.internal.misc.Signal.dispatch(I)V+25 java.base@11.0.6
v  ~StubRoutines::call_stub

siginfo: si_signo: 11 (SIGSEGV), si_code: 1 (SEGV_MAPERR), si_addr: 0x00007f84ab91bdf8

Register to memory mapping:

RAX=0x0000000000002f77 is an unknown value
RBX=0x00007f849c2831f1 is pointing into the stack for thread: 0x00007f84b412d000
RCX=0x00007f84ab91001c is an unknown value
RDX=0x0000000000002f77 is an unknown value
RSP=0x00007f849c283140 is pointing into the stack for thread: 0x00007f84b412d000
RBP=0x00007f849c283160 is pointing into the stack for thread: 0x00007f84b412d000
RSI=0x00007f849c2831f0 is pointing into the stack for thread: 0x00007f84b412d000
RDI=0x00007f84ba292130: <offset 0x0000000000205130> in /usr/lib/jvm/java-11-openjdk-amd64/lib/libjimage.so at 0x00007f84ba08d000
R8 =0x0 is NULL
R9 =0x0000000076100fa4 is an unknown value
R10=0x00007f849c283213 is pointing into the stack for thread: 0x00007f84b412d000
R11=0x00007f84bdcb94c0: <offset 0x00000000001af4c0> in /lib/x86_64-linux-gnu/libc.so.6 at 0x00007f84bdb0a000
R12=0x00007f849c2831f0 is pointing into the stack for thread: 0x00007f84b412d000
R13=0x00000000000083a0 is an unknown value
R14=0x00007f849c284288 is pointing into the stack for thread: 0x00007f84b412d000
R15=0x00007f84b412d8f0 points into unknown readable memory: 6a 64 6b 2f 69 6e 74 65


Registers:
RAX=0x0000000000002f77, RBX=0x00007f849c2831f1, RCX=0x00007f84ab91001c, RDX=0x0000000000002f77
RSP=0x00007f849c283140, RBP=0x00007f849c283160, RSI=0x00007f849c2831f0, RDI=0x00007f84ba292130
R8 =0x0000000000000000, R9 =0x0000000076100fa4, R10=0x00007f849c283213, R11=0x00007f84bdcb94c0
R12=0x00007f849c2831f0, R13=0x00000000000083a0, R14=0x00007f849c284288, R15=0x00007f84b412d8f0
RIP=0x00007f84ba08f401, EFLAGS=0x0000000000010246, CSGSFS=0x002b000000000033, ERR=0x0000000000000004
  TRAPNO=0x000000000000000e

Top of Stack: (sp=0x00007f849c283140)
0x00007f849c283140:   0000000000000000 00007f84b4024000
0x00007f849c283150:   0000000000000000 00007f849c2831f0
0x00007f849c283160:   00007f849c2831d0 00007f84ba0900ea
0x00007f849c283170:   0000000000000000 0000000000000000 

Instructions: (pc=0x00007f84ba08f401)
0x00007f84ba08f301:   c5 4c 01 e3 48 89 ce e8 d3 f3 ff ff e9 69 fd ff
0x00007f84ba08f311:   ff 89 d1 0f b7 74 08 fe 66 41 89 74 0e fe e9 7a
0x00007f84ba08f321:   fe ff ff 0f 1f 40 00 8b 08 49 8d 1c 16 41 89 0e
0x00007f84ba08f331:   89 d1 8b 74 08 fc 41 89 74 0e fc 48 8d 34 10 48
0x00007f84ba08f341:   89 75 b8 e9 0b fe ff ff 0f 1f 80 00 00 00 00 0f
0x00007f84ba08f351:   b6 17 55 89 f0 48 89 e5 84 d2 74 22 48 8d 4f 01
0x00007f84ba08f361:   0f 1f 80 00 00 00 00 48 83 c1 01 0f b6 f2 0f b6
0x00007f84ba08f371:   51 ff 69 c0 93 01 00 01 31 f0 84 d2 75 e9 25 ff
0x00007f84ba08f381:   ff ff 7f 5d c3 66 2e 0f 1f 84 00 00 00 00 00 48
0x00007f84ba08f391:   85 d2 0f 84 dd 00 00 00 85 c9 0f 84 d5 00 00 00
0x00007f84ba08f3a1:   55 48 89 e5 41 55 41 54 53 48 8d 5e 01 48 83 ec
0x00007f84ba08f3b1:   08 44 0f b6 06 45 84 c0 0f 84 a9 00 00 00 49 89
0x00007f84ba08f3c1:   da b8 93 01 00 01 66 0f 1f 84 00 00 00 00 00 49
0x00007f84ba08f3d1:   83 c2 01 44 69 c8 93 01 00 01 41 0f b6 c0 45 0f
0x00007f84ba08f3e1:   b6 42 ff 44 31 c8 45 84 c0 75 e4 25 ff ff ff 7f
0x00007f84ba08f3f1:   41 89 cd 48 89 d1 31 d2 41 f7 f5 49 89 f4 89 d0
0x00007f84ba08f401:   8b 34 81 48 8b 07 ff 50 20 83 f8 00 7e 41 41 0f
0x00007f84ba08f411:   b6 14 24 84 d2 74 1c 0f 1f 84 00 00 00 00 00 69
0x00007f84ba08f421:   c0 93 01 00 01 48 83 c3 01 31 d0 0f b6 53 ff 84
0x00007f84ba08f431:   d2 75 ec 25 ff ff ff 7f 31 d2 41 f7 f5 48 83 c4
0x00007f84ba08f441:   08 89 d0 5b 41 5c 41 5d 5d c3 0f 1f 44 00 00 74
0x00007f84ba08f451:   1d f7 d0 48 83 c4 08 89 c2 5b 89 d0 41 5c 41 5d
0x00007f84ba08f461:   5d c3 0f 1f 44 00 00 b8 93 01 00 01 eb 82 ba ff
0x00007f84ba08f471:   ff ff ff eb c8 83 ca ff 89 d0 c3 0f 1f 40 00 0f
0x00007f84ba08f481:   b6 17 55 48 89 f8 48 89 e5 84 d2 75 15 eb 1a 38
0x00007f84ba08f491:   ca 75 1c 48 83 c0 01 0f b6 10 48 83 c6 01 84 d2
0x00007f84ba08f4a1:   74 07 0f b6 0e 84 c9 75 e6 5d c3 0f 1f 40 00 31
0x00007f84ba08f4b1:   c0 5d c3 66 90 66 2e 0f 1f 84 00 00 00 00 00 55
0x00007f84ba08f4c1:   48 85 f6 48 89 e5 74 57 0f 1f 80 00 00 00 00 0f
0x00007f84ba08f4d1:   b6 06 84 c0 74 49 0f b6 d0 83 e0 07 c1 fa 03 44
0x00007f84ba08f4e1:   8d 50 01 0f b6 c0 41 89 d1 48 8d 56 01 4c 8d 44
0x00007f84ba08f4f1:   06 02 31 c0 0f 1f 00 0f b6 0a 48 c1 e0 08 48 83 


Stack slot to memory mapping:
stack at sp + 0 slots: 0x0 is NULL
stack at sp + 1 slots: 0x00007f84b4024000 points into unknown readable memory: 20 ff 00 58 84 7f 00 00
stack at sp + 2 slots: 0x0 is NULL
stack at sp + 3 slots: 0x00007f849c2831f0 is pointing into the stack for thread: 0x00007f84b412d000
stack at sp + 4 slots: 0x00007f849c2831d0 is pointing into the stack for thread: 0x00007f84b412d000
stack at sp + 5 slots: 0x00007f84ba0900ea: <offset 0x00000000000030ea> in /usr/lib/jvm/java-11-openjdk-amd64/lib/libjimage.so at 0x00007f84ba08d000
stack at sp + 6 slots: 0x0 is NULL
stack at sp + 7 slots: 0x0 is NULL


---------------  P R O C E S S  ---------------

Threads class SMR info:
_java_thread_list=0x00007f8450002690, length=13, elements={
0x00007f84b4016800, 0x00007f84b4125800, 0x00007f84b4127800, 0x00007f84b412d000,
0x00007f84b412f000, 0x00007f84b4131000, 0x00007f84b4133000, 0x00007f84b4159000,
0x00007f84b41b3000, 0x00007f84b41b6800, 0x00007f84b42c7000, 0x00007f84b43ec800,
0x00007f84b43ee800
}

Java Threads: ( => current thread )
  0x00007f84b4016800 JavaThread "main" [_thread_blocked, id=17713, stack(0x00007f84be21b000,0x00007f84be31c000)]
  0x00007f84b4125800 JavaThread "Reference Handler" daemon [_thread_blocked, id=17720, stack(0x00007f849c387000,0x00007f849c488000)]
  0x00007f84b4127800 JavaThread "Finalizer" daemon [_thread_blocked, id=17721, stack(0x00007f849c286000,0x00007f849c387000)]
=>0x00007f84b412d000 JavaThread "Signal Dispatcher" daemon [_thread_in_vm, id=17722, stack(0x00007f849c185000,0x00007f849c286000)]
  0x00007f84b412f000 JavaThread "C2 CompilerThread0" daemon [_thread_blocked, id=17723, stack(0x00007f849c084000,0x00007f849c185000)]
  0x00007f84b4131000 JavaThread "C1 CompilerThread0" daemon [_thread_blocked, id=17724, stack(0x00007f849482f000,0x00007f8494930000)]
  0x00007f84b4133000 JavaThread "Sweeper thread" daemon [_thread_blocked, id=17725, stack(0x00007f849472e000,0x00007f849482f000)]
  0x00007f84b4159000 JavaThread "Common-Cleaner" daemon [_thread_blocked, id=17726, stack(0x00007f849462d000,0x00007f849472e000)]
  0x00007f84b41b3000 JavaThread "JDWP Transport Listener: dt_socket" daemon [_thread_in_native, id=17728, stack(0x00007f8494326000,0x00007f8494427000)]
  0x00007f84b41b6800 JavaThread "JDWP Event Helper Thread" daemon [_thread_blocked, id=17731, stack(0x00007f8494225000,0x00007f8494326000)]
  0x00007f84b42c7000 JavaThread "Service Thread" daemon [_thread_blocked, id=17736, stack(0x00007f8494023000,0x00007f8494124000)]
  0x00007f84b43ec800 JavaThread "Java2D Disposer" daemon [_thread_blocked, id=17741, stack(0x00007f844d3a2000,0x00007f844d4a3000)]
  0x00007f84b43ee800 JavaThread "AWT-XAWT" daemon [_thread_in_native, id=17742, stack(0x00007f844d2a1000,0x00007f844d3a2000)]

Other Threads:
  0x00007f84b4122800 VMThread "VM Thread" [stack: 0x00007f849c48a000,0x00007f849c58a000] [id=17719]
  0x00007f84b42c9000 WatcherThread [stack: 0x00007f84770c0000,0x00007f84771c0000] [id=17737]
  0x00007f84b402f800 GCTaskThread "GC Thread#0" [stack: 0x00007f84b9db7000,0x00007f84b9eb7000] [id=17714]
  0x00007f8484001000 GCTaskThread "GC Thread#1" [stack: 0x00007f844d1a1000,0x00007f844d2a1000] [id=17744]
  0x00007f84b404a000 ConcurrentGCThread "G1 Main Marker" [stack: 0x00007f84b8453000,0x00007f84b8553000] [id=17715]
  0x00007f84b404c000 ConcurrentGCThread "G1 Conc#0" [stack: 0x00007f84b8351000,0x00007f84b8451000] [id=17716]
  0x00007f84b408d800 ConcurrentGCThread "G1 Refine#0" [stack: 0x00007f849c70f000,0x00007f849c80f000] [id=17717]
  0x00007f84b408f800 ConcurrentGCThread "G1 Young RemSet Sampling" [stack: 0x00007f849c60d000,0x00007f849c70d000] [id=17718]

Threads with active compile tasks:

VM state:not at safepoint (normal execution)

VM Mutex/Monitor currently owned by a thread: None

Heap address: 0x00000000c4c00000, size: 948 MB, Compressed Oops mode: 32-bit
Narrow klass base: 0x0000000800000000, Narrow klass shift: 3
Compressed class space size: 1073741824 Address: 0x0000000840000000

Heap:
 garbage-first heap   total 63488K, used 4237K [0x00000000c4c00000, 0x0000000100000000)
  region size 1024K, 4 young (4096K), 2 survivors (2048K)
 Metaspace       used 9157K, capacity 9586K, committed 9984K, reserved 1058816K
  class space    used 989K, capacity 1185K, committed 1280K, reserved 1048576K
Heap Regions: E=young(eden), S=young(survivor), O=old, HS=humongous(starts), HC=humongous(continues), CS=collection set, F=free, A=archive, TAMS=top-at-mark-start (previous, next)
|   0|0x00000000c4c00000, 0x00000000c4c72600, 0x00000000c4d00000| 44%| O|  |TAMS 0x00000000c4c00000, 0x00000000c4c00000| Untracked 
|   1|0x00000000c4d00000, 0x00000000c4d00000, 0x00000000c4e00000|  0%| F|  |TAMS 0x00000000c4d00000, 0x00000000c4d00000| Untracked 
|   2|0x00000000c4e00000, 0x00000000c4e00000, 0x00000000c4f00000|  0%| F|  |TAMS 0x00000000c4e00000, 0x00000000c4e00000| Untracked 
|   3|0x00000000c4f00000, 0x00000000c4f00000, 0x00000000c5000000|  0%| F|  |TAMS 0x00000000c4f00000, 0x00000000c4f00000| Untracked 
|   4|0x00000000c5000000, 0x00000000c5000000, 0x00000000c5100000|  0%| F|  |TAMS 0x00000000c5000000, 0x00000000c5000000| Untracked 
|   5|0x00000000c5100000, 0x00000000c5100000, 0x00000000c5200000|  0%| F|  |TAMS 0x00000000c5100000, 0x00000000c5100000| Untracked 
|   6|0x00000000c5200000, 0x00000000c5200000, 0x00000000c5300000|  0%| F|  |TAMS 0x00000000c5200000, 0x00000000c5200000| Untracked 
|   7|0x00000000c5300000, 0x00000000c5300000, 0x00000000c5400000|  0%| F|  |TAMS 0x00000000c5300000, 0x00000000c5300000| Untracked 
|   8|0x00000000c5400000, 0x00000000c5400000, 0x00000000c5500000|  0%| F|  |TAMS 0x00000000c5400000, 0x00000000c5400000| Untracked 
|   9|0x00000000c5500000, 0x00000000c5500000, 0x00000000c5600000|  0%| F|  |TAMS 0x00000000c5500000, 0x00000000c5500000| Untracked 
|  10|0x00000000c5600000, 0x00000000c5600000, 0x00000000c5700000|  0%| F|  |TAMS 0x00000000c5600000, 0x00000000c5600000| Untracked 
|  11|0x00000000c5700000, 0x00000000c5700000, 0x00000000c5800000|  0%| F|  |TAMS 0x00000000c5700000, 0x00000000c5700000| Untracked 
|  12|0x00000000c5800000, 0x00000000c5800000, 0x00000000c5900000|  0%| F|  |TAMS 0x00000000c5800000, 0x00000000c5800000| Untracked 
|  13|0x00000000c5900000, 0x00000000c5900000, 0x00000000c5a00000|  0%| F|  |TAMS 0x00000000c5900000, 0x00000000c5900000| Untracked 
|  14|0x00000000c5a00000, 0x00000000c5a00000, 0x00000000c5b00000|  0%| F|  |TAMS 0x00000000c5a00000, 0x00000000c5a00000| Untracked 
|  15|0x00000000c5b00000, 0x00000000c5b00000, 0x00000000c5c00000|  0%| F|  |TAMS 0x00000000c5b00000, 0x00000000c5b00000| Untracked 
|  16|0x00000000c5c00000, 0x00000000c5c00000, 0x00000000c5d00000|  0%| F|  |TAMS 0x00000000c5c00000, 0x00000000c5c00000| Untracked 
|  17|0x00000000c5d00000, 0x00000000c5d00000, 0x00000000c5e00000|  0%| F|  |TAMS 0x00000000c5d00000, 0x00000000c5d00000| Untracked 
|  18|0x00000000c5e00000, 0x00000000c5e00000, 0x00000000c5f00000|  0%| F|  |TAMS 0x00000000c5e00000, 0x00000000c5e00000| Untracked 
|  19|0x00000000c5f00000, 0x00000000c5f00000, 0x00000000c6000000|  0%| F|  |TAMS 0x00000000c5f00000, 0x00000000c5f00000| Untracked 
|  20|0x00000000c6000000, 0x00000000c6000000, 0x00000000c6100000|  0%| F|  |TAMS 0x00000000c6000000, 0x00000000c6000000| Untracked 
|  21|0x00000000c6100000, 0x00000000c6100000, 0x00000000c6200000|  0%| F|  |TAMS 0x00000000c6100000, 0x00000000c6100000| Untracked 
|  22|0x00000000c6200000, 0x00000000c6200000, 0x00000000c6300000|  0%| F|  |TAMS 0x00000000c6200000, 0x00000000c6200000| Untracked 
|  23|0x00000000c6300000, 0x00000000c6300000, 0x00000000c6400000|  0%| F|  |TAMS 0x00000000c6300000, 0x00000000c6300000| Untracked 
|  24|0x00000000c6400000, 0x00000000c6400000, 0x00000000c6500000|  0%| F|  |TAMS 0x00000000c6400000, 0x00000000c6400000| Untracked 
|  25|0x00000000c6500000, 0x00000000c6500000, 0x00000000c6600000|  0%| F|  |TAMS 0x00000000c6500000, 0x00000000c6500000| Untracked 
|  26|0x00000000c6600000, 0x00000000c6600000, 0x00000000c6700000|  0%| F|  |TAMS 0x00000000c6600000, 0x00000000c6600000| Untracked 
|  27|0x00000000c6700000, 0x00000000c6700000, 0x00000000c6800000|  0%| F|  |TAMS 0x00000000c6700000, 0x00000000c6700000| Untracked 
|  28|0x00000000c6800000, 0x00000000c6800000, 0x00000000c6900000|  0%| F|  |TAMS 0x00000000c6800000, 0x00000000c6800000| Untracked 
|  29|0x00000000c6900000, 0x00000000c6900000, 0x00000000c6a00000|  0%| F|  |TAMS 0x00000000c6900000, 0x00000000c6900000| Untracked 
|  30|0x00000000c6a00000, 0x00000000c6a00000, 0x00000000c6b00000|  0%| F|  |TAMS 0x00000000c6a00000, 0x00000000c6a00000| Untracked 
|  31|0x00000000c6b00000, 0x00000000c6b00000, 0x00000000c6c00000|  0%| F|  |TAMS 0x00000000c6b00000, 0x00000000c6b00000| Untracked 
|  32|0x00000000c6c00000, 0x00000000c6c00000, 0x00000000c6d00000|  0%| F|  |TAMS 0x00000000c6c00000, 0x00000000c6c00000| Untracked 
|  33|0x00000000c6d00000, 0x00000000c6d00000, 0x00000000c6e00000|  0%| F|  |TAMS 0x00000000c6d00000, 0x00000000c6d00000| Untracked 
|  34|0x00000000c6e00000, 0x00000000c6e00000, 0x00000000c6f00000|  0%| F|  |TAMS 0x00000000c6e00000, 0x00000000c6e00000| Untracked 
|  35|0x00000000c6f00000, 0x00000000c6f00000, 0x00000000c7000000|  0%| F|  |TAMS 0x00000000c6f00000, 0x00000000c6f00000| Untracked 
|  36|0x00000000c7000000, 0x00000000c7000000, 0x00000000c7100000|  0%| F|  |TAMS 0x00000000c7000000, 0x00000000c7000000| Untracked 
|  37|0x00000000c7100000, 0x00000000c7100000, 0x00000000c7200000|  0%| F|  |TAMS 0x00000000c7100000, 0x00000000c7100000| Untracked 
|  38|0x00000000c7200000, 0x00000000c7200000, 0x00000000c7300000|  0%| F|  |TAMS 0x00000000c7200000, 0x00000000c7200000| Untracked 
|  39|0x00000000c7300000, 0x00000000c7300000, 0x00000000c7400000|  0%| F|  |TAMS 0x00000000c7300000, 0x00000000c7300000| Untracked 
|  40|0x00000000c7400000, 0x00000000c7400000, 0x00000000c7500000|  0%| F|  |TAMS 0x00000000c7400000, 0x00000000c7400000| Untracked 
|  41|0x00000000c7500000, 0x00000000c7500000, 0x00000000c7600000|  0%| F|  |TAMS 0x00000000c7500000, 0x00000000c7500000| Untracked 
|  42|0x00000000c7600000, 0x00000000c7600000, 0x00000000c7700000|  0%| F|  |TAMS 0x00000000c7600000, 0x00000000c7600000| Untracked 
|  43|0x00000000c7700000, 0x00000000c7700000, 0x00000000c7800000|  0%| F|  |TAMS 0x00000000c7700000, 0x00000000c7700000| Untracked 
|  44|0x00000000c7800000, 0x00000000c7900000, 0x00000000c7900000|100%| S|CS|TAMS 0x00000000c7800000, 0x00000000c7800000| Complete 
|  45|0x00000000c7900000, 0x00000000c7a00000, 0x00000000c7a00000|100%| S|CS|TAMS 0x00000000c7900000, 0x00000000c7900000| Complete 
|  46|0x00000000c7a00000, 0x00000000c7a00000, 0x00000000c7b00000|  0%| F|  |TAMS 0x00000000c7a00000, 0x00000000c7a00000| Untracked 
|  47|0x00000000c7b00000, 0x00000000c7b00000, 0x00000000c7c00000|  0%| F|  |TAMS 0x00000000c7b00000, 0x00000000c7b00000| Untracked 
|  48|0x00000000c7c00000, 0x00000000c7c00000, 0x00000000c7d00000|  0%| F|  |TAMS 0x00000000c7c00000, 0x00000000c7c00000| Untracked 
|  49|0x00000000c7d00000, 0x00000000c7d00000, 0x00000000c7e00000|  0%| F|  |TAMS 0x00000000c7d00000, 0x00000000c7d00000| Untracked 
|  50|0x00000000c7e00000, 0x00000000c7e00000, 0x00000000c7f00000|  0%| F|  |TAMS 0x00000000c7e00000, 0x00000000c7e00000| Untracked 
|  51|0x00000000c7f00000, 0x00000000c7f00000, 0x00000000c8000000|  0%| F|  |TAMS 0x00000000c7f00000, 0x00000000c7f00000| Untracked 
|  52|0x00000000c8000000, 0x00000000c8000000, 0x00000000c8100000|  0%| F|  |TAMS 0x00000000c8000000, 0x00000000c8000000| Untracked 
|  53|0x00000000c8100000, 0x00000000c8100000, 0x00000000c8200000|  0%| F|  |TAMS 0x00000000c8100000, 0x00000000c8100000| Untracked 
|  54|0x00000000c8200000, 0x00000000c8200000, 0x00000000c8300000|  0%| F|  |TAMS 0x00000000c8200000, 0x00000000c8200000| Untracked 
|  55|0x00000000c8300000, 0x00000000c8300000, 0x00000000c8400000|  0%| F|  |TAMS 0x00000000c8300000, 0x00000000c8300000| Untracked 
|  56|0x00000000c8400000, 0x00000000c8400000, 0x00000000c8500000|  0%| F|  |TAMS 0x00000000c8400000, 0x00000000c8400000| Untracked 
|  57|0x00000000c8500000, 0x00000000c8500000, 0x00000000c8600000|  0%| F|  |TAMS 0x00000000c8500000, 0x00000000c8500000| Untracked 
|  58|0x00000000c8600000, 0x00000000c8700000, 0x00000000c8700000|100%| E|  |TAMS 0x00000000c8600000, 0x00000000c8600000| Complete 
|  59|0x00000000c8700000, 0x00000000c8800000, 0x00000000c8800000|100%| E|CS|TAMS 0x00000000c8700000, 0x00000000c8700000| Complete 
| 946|0x00000000ffe00000, 0x00000000ffe47000, 0x00000000fff00000| 27%|OA|  |TAMS 0x00000000ffe00000, 0x00000000ffe00000| Untracked 
| 947|0x00000000fff00000, 0x00000000fff6a000, 0x0000000100000000| 41%|CA|  |TAMS 0x00000000fff00000, 0x00000000fff00000| Untracked 

Card table byte_map: [0x00007f84b95fd000,0x00007f84b97d7000] _byte_map_base: 0x00007f84b8fd7000

Marking Bits (Prev, Next): (CMBitMap*) 0x00007f84b40455e8, (CMBitMap*) 0x00007f84b4045620
 Prev Bits: [0x00007f84b8553000, 0x00007f84b9423000)
 Next Bits: [0x00007f8497130000, 0x00007f8498000000)

Polling page: 0x00007f84be32f000

Metaspace:

Usage:
  Non-class:      8,20 MB capacity,     7,98 MB ( 97%) used,   194,98 KB (  2%) free+waste,    38,88 KB ( <1%) overhead. 
      Class:      1,16 MB capacity,   989,89 KB ( 84%) used,   172,67 KB ( 15%) free+waste,    22,44 KB (  2%) overhead. 
       Both:      9,36 MB capacity,     8,94 MB ( 96%) used,   367,66 KB (  4%) free+waste,    61,31 KB ( <1%) overhead. 

Virtual space:
  Non-class space:       10,00 MB reserved,       8,50 MB ( 85%) committed 
      Class space:        1,00 GB reserved,       1,25 MB ( <1%) committed 
             Both:        1,01 GB reserved,       9,75 MB ( <1%) committed 

Chunk freelists:
   Non-Class:  51,00 KB
       Class:  31,00 KB
        Both:  82,00 KB

MaxMetaspaceSize: unlimited
CompressedClassSpaceSize: 1,00 GB

CodeHeap 'non-profiled nmethods': size=120032Kb used=354Kb max_used=354Kb free=119677Kb
 bounds [0x00007f84a43d8000, 0x00007f84a4648000, 0x00007f84ab910000]
CodeHeap 'profiled nmethods': size=120032Kb used=1531Kb max_used=1719Kb free=118500Kb
 bounds [0x00007f849cea0000, 0x00007f849d110000, 0x00007f84a43d8000]
CodeHeap 'non-nmethods': size=5696Kb used=1260Kb max_used=1290Kb free=4435Kb
 bounds [0x00007f849c910000, 0x00007f849cb80000, 0x00007f849cea0000]
 total_blobs=1798 nmethods=911 adapters=479
 compilation: enabled
              stopped_count=0, restarted_count=0
 full_count=0

Compilation events (20 events):
Event: 2683,070 Thread 0x00007f84b412f000  996   !   4       sun.awt.X11.XToolkit::getNextTaskTime (55 bytes)
Event: 2683,080 Thread 0x00007f84b412f000 nmethod 996 0x00007f84a4430290 code [0x00007f84a4430460, 0x00007f84a44308b8]
Event: 2997,426 Thread 0x00007f84b412f000  997       4       sun.awt.SunToolkit::awtLock (7 bytes)
Event: 2997,433 Thread 0x00007f84b412f000 nmethod 997 0x00007f84a4430c10 code [0x00007f84a4430dc0, 0x00007f84a4431058]
Event: 3499,661 Thread 0x00007f84b4131000  998       3       org.eclipse.jdt.launching.internal.org.objectweb.asm.Label::addLineNumber (89 bytes)
Event: 3499,662 Thread 0x00007f84b4131000 nmethod 998 0x00007f849cea3b10 code [0x00007f849cea3d00, 0x00007f849cea4288]
Event: 3499,662 Thread 0x00007f84b4131000  999       3       org.eclipse.jdt.launching.internal.org.objectweb.asm.Label::accept (65 bytes)
Event: 3499,670 Thread 0x00007f84b4131000 nmethod 999 0x00007f849ceb4a10 code [0x00007f849ceb4c00, 0x00007f849ceb51c8]
Event: 3499,670 Thread 0x00007f84b4131000 1000       3       org.eclipse.jdt.launching.internal.org.objectweb.asm.MethodWriter::visitLineNumber (50 bytes)
Event: 3499,670 Thread 0x00007f84b4131000 nmethod 1000 0x00007f849cea7b10 code [0x00007f849cea7d00, 0x00007f849cea8238]
Event: 3582,552 Thread 0x00007f84b4131000 1001       3       org.eclipse.jdt.launching.internal.org.objectweb.asm.MethodWriter::visitMethodInsn (191 bytes)
Event: 3582,558 Thread 0x00007f84b4131000 nmethod 1001 0x00007f849ceb3a90 code [0x00007f849ceb3ce0, 0x00007f849ceb4648]
Event: 3582,558 Thread 0x00007f84b4131000 1003       3       org.eclipse.jdt.launching.internal.org.objectweb.asm.MethodWriter::visitLabel (328 bytes)
Event: 3582,559 Thread 0x00007f84b4131000 nmethod 1003 0x00007f849ceb2590 code [0x00007f849ceb2820, 0x00007f849ceb36f8]
Event: 3582,560 Thread 0x00007f84b4131000 1002       3       org.eclipse.jdt.launching.internal.org.objectweb.asm.SymbolTable::addConstantMethodref (24 bytes)
Event: 3582,560 Thread 0x00007f84b4131000 nmethod 1002 0x00007f849ceb7a90 code [0x00007f849ceb7c60, 0x00007f849ceb7ea8]
Event: 4684,089 Thread 0x00007f84b4131000 1004   !   3       java.lang.ref.ReferenceQueue::remove (125 bytes)
Event: 4684,127 Thread 0x00007f84b4131000 nmethod 1004 0x00007f849ceb6b10 code [0x00007f849ceb6d60, 0x00007f849ceb76f8]
Event: 5164,091 Thread 0x00007f84b4131000 1005   !   3       jdk.internal.ref.PhantomCleanable::isListEmpty (34 bytes)
Event: 5164,092 Thread 0x00007f84b4131000 nmethod 1005 0x00007f849ceb6410 code [0x00007f849ceb65e0, 0x00007f849ceb6990]

GC Heap History (2 events):
Event: 4,063 GC heap before
{Heap before GC invocations=0 (full 0):
 garbage-first heap   total 63488K, used 14020K [0x00000000c4c00000, 0x0000000100000000)
  region size 1024K, 14 young (14336K), 0 survivors (0K)
 Metaspace       used 8207K, capacity 8677K, committed 8832K, reserved 1056768K
  class space    used 884K, capacity 1076K, committed 1152K, reserved 1048576K
}
Event: 4,076 GC heap after
{Heap after GC invocations=1 (full 0):
 garbage-first heap   total 63488K, used 3213K [0x00000000c4c00000, 0x0000000100000000)
  region size 1024K, 2 young (2048K), 2 survivors (2048K)
 Metaspace       used 8207K, capacity 8677K, committed 8832K, reserved 1056768K
  class space    used 884K, capacity 1076K, committed 1152K, reserved 1048576K
}

Deoptimization events (20 events):
Event: 1,249 Thread 0x00007f84b4016800 DEOPT PACKING pc=0x00007f849cf18bea sp=0x00007f84be3163c0
Event: 1,249 Thread 0x00007f84b4016800 DEOPT UNPACKING pc=0x00007f849c948fba sp=0x00007f84be3158a8 mode 0
Event: 1,300 Thread 0x00007f84b4016800 DEOPT PACKING pc=0x00007f849cf2a97e sp=0x00007f84be316350
Event: 1,300 Thread 0x00007f84b4016800 DEOPT UNPACKING pc=0x00007f849c948fba sp=0x00007f84be3157f0 mode 0
Event: 3,455 Thread 0x00007f84b4016800 Uncommon trap: trap_request=0xffffffc6 fr.pc=0x00007f84a43e2ba4 relative=0x0000000000000084
Event: 3,455 Thread 0x00007f84b4016800 Uncommon trap: reason=bimorphic_or_optimized_type_check action=maybe_recompile pc=0x00007f84a43e2ba4 method=java.util.AbstractCollection.isEmpty()Z @ 1 c2
Event: 3,455 Thread 0x00007f84b4016800 DEOPT PACKING pc=0x00007f84a43e2ba4 sp=0x00007f84be316d90
Event: 3,455 Thread 0x00007f84b4016800 DEOPT UNPACKING pc=0x00007f849c9491a5 sp=0x00007f84be316d50 mode 2
Event: 3,455 Thread 0x00007f84b4016800 Uncommon trap: trap_request=0xffffffc6 fr.pc=0x00007f84a43e2ba4 relative=0x0000000000000084
Event: 3,455 Thread 0x00007f84b4016800 Uncommon trap: reason=bimorphic_or_optimized_type_check action=maybe_recompile pc=0x00007f84a43e2ba4 method=java.util.AbstractCollection.isEmpty()Z @ 1 c2
Event: 3,455 Thread 0x00007f84b4016800 DEOPT PACKING pc=0x00007f84a43e2ba4 sp=0x00007f84be316f60
Event: 3,455 Thread 0x00007f84b4016800 DEOPT UNPACKING pc=0x00007f849c9491a5 sp=0x00007f84be316f20 mode 2
Event: 3,458 Thread 0x00007f84b4016800 Uncommon trap: trap_request=0xffffffc6 fr.pc=0x00007f84a43e2ba4 relative=0x0000000000000084
Event: 3,458 Thread 0x00007f84b4016800 Uncommon trap: reason=bimorphic_or_optimized_type_check action=maybe_recompile pc=0x00007f84a43e2ba4 method=java.util.AbstractCollection.isEmpty()Z @ 1 c2
Event: 3,458 Thread 0x00007f84b4016800 DEOPT PACKING pc=0x00007f84a43e2ba4 sp=0x00007f84be316d90
Event: 3,458 Thread 0x00007f84b4016800 DEOPT UNPACKING pc=0x00007f849c9491a5 sp=0x00007f84be316d50 mode 2
Event: 3,458 Thread 0x00007f84b4016800 Uncommon trap: trap_request=0xffffffc6 fr.pc=0x00007f84a43e2ba4 relative=0x0000000000000084
Event: 3,458 Thread 0x00007f84b4016800 Uncommon trap: reason=bimorphic_or_optimized_type_check action=maybe_recompile pc=0x00007f84a43e2ba4 method=java.util.AbstractCollection.isEmpty()Z @ 1 c2
Event: 3,458 Thread 0x00007f84b4016800 DEOPT PACKING pc=0x00007f84a43e2ba4 sp=0x00007f84be316f60
Event: 3,458 Thread 0x00007f84b4016800 DEOPT UNPACKING pc=0x00007f849c9491a5 sp=0x00007f84be316f20 mode 2

Classes redefined (10 events):
Event: 286,991 Thread 0x00007f84b4122800 redefined class name=GraphicPart.View, count=1
Event: 387,708 Thread 0x00007f84b4122800 redefined class name=GraphicPart.View, count=2
Event: 497,752 Thread 0x00007f84b4122800 redefined class name=GraphicPart.View, count=3
Event: 548,131 Thread 0x00007f84b4122800 redefined class name=GraphicPart.View, count=4
Event: 669,348 Thread 0x00007f84b4122800 redefined class name=GraphicPart.View, count=5
Event: 1694,080 Thread 0x00007f84b4122800 redefined class name=GraphicPart.View, count=6
Event: 2373,910 Thread 0x00007f84b4122800 redefined class name=GraphicPart.View, count=7
Event: 2466,502 Thread 0x00007f84b4122800 redefined class name=GraphicPart.View, count=8
Event: 3499,668 Thread 0x00007f84b4122800 redefined class name=GraphicPart.View, count=9
Event: 3582,556 Thread 0x00007f84b4122800 redefined class name=GraphicPart.View, count=10

Internal exceptions (18 events):
Event: 1,327 Thread 0x00007f84b4016800 Exception <a 'java/lang/NoSuchMethodError'{0x00000000c83f0090}: 'int java.lang.invoke.DirectMethodHandle$Holder.invokeSpecialIFC(java.lang.Object, java.lang.Object, int)'> (0x00000000c83f0090) thrown at [/build/openjdk-lts-iuKaMP/openjdk-lts-11.0.6+10/src
Event: 3,303 Thread 0x00007f84b4016800 Exception <a 'java/lang/ClassNotFoundException'{0x00000000c8135510}: sun/awt/resources/spi/awtProvider> (0x00000000c8135510) thrown at [/build/openjdk-lts-iuKaMP/openjdk-lts-11.0.6+10/src/hotspot/share/classfile/systemDictionary.cpp, line 231]
Event: 3,493 Thread 0x00007f84b4016800 Exception <a 'java/io/FileNotFoundException'{0x00000000c81e4790}> (0x00000000c81e4790) thrown at [/build/openjdk-lts-iuKaMP/openjdk-lts-11.0.6+10/src/hotspot/share/prims/jni.cpp, line 615]
Event: 3,512 Thread 0x00007f84b4016800 Exception <a 'java/lang/NoSuchMethodError'{0x00000000c80435c8}: 'java.lang.Object java.lang.invoke.DirectMethodHandle$Holder.invokeStatic(java.lang.Object, java.lang.Object, java.lang.Object, java.lang.Object, java.lang.Object, java.lang.Object, java.lang
Event: 3,515 Thread 0x00007f84b4016800 Exception <a 'java/lang/NoSuchMethodError'{0x00000000c8052b90}: 'java.lang.Object java.lang.invoke.DirectMethodHandle$Holder.invokeStatic(java.lang.Object, java.lang.Object, java.lang.Object, java.lang.Object, java.lang.Object, java.lang.Object, java.lang
Event: 3,518 Thread 0x00007f84b4016800 Exception <a 'java/lang/NoSuchMethodError'{0x00000000c8060800}: 'java.lang.Object java.lang.invoke.DirectMethodHandle$Holder.invokeSpecial(java.lang.Object, java.lang.Object, int, int, java.lang.Object, java.lang.Object, java.lang.Object)'> (0x00000000c80
Event: 3,518 Thread 0x00007f84b4016800 Exception <a 'java/lang/NoSuchMethodError'{0x00000000c8063d90}: 'java.lang.Object java.lang.invoke.DelegatingMethodHandle$Holder.reinvoke_L(java.lang.Object, int, int, java.lang.Object, java.lang.Object, java.lang.Object)'> (0x00000000c8063d90) thrown at 
Event: 3,519 Thread 0x00007f84b4016800 Exception <a 'java/lang/NoSuchMethodError'{0x00000000c8068968}: 'java.lang.Object java.lang.invoke.DirectMethodHandle$Holder.invokeStatic(java.lang.Object, java.lang.Object, java.lang.Object, java.lang.Object, int)'> (0x00000000c8068968) thrown at [/build
Event: 3,854 Thread 0x00007f84b4016800 Exception <a 'java/lang/NoSuchMethodError'{0x00000000c7d17508}: 'java.lang.Object java.lang.invoke.DirectMethodHandle$Holder.invokeStatic(java.lang.Object, java.lang.Object, java.lang.Object, java.lang.Object, java.lang.Object, java.lang.Object, java.lang
Event: 3,860 Thread 0x00007f84b4016800 Exception <a 'java/lang/NoSuchMethodError'{0x00000000c7d322d0}: 'java.lang.Object java.lang.invoke.DirectMethodHandle$Holder.invokeStatic(java.lang.Object, java.lang.Object, java.lang.Object, java.lang.Object, java.lang.Object, java.lang.Object, java.lang
Event: 3,865 Thread 0x00007f84b4016800 Exception <a 'java/lang/NoSuchMethodError'{0x00000000c7d3e7f0}: 'void java.lang.invoke.DirectMethodHandle$Holder.invokeSpecial(java.lang.Object, java.lang.Object)'> (0x00000000c7d3e7f0) thrown at [/build/openjdk-lts-iuKaMP/openjdk-lts-11.0.6+10/src/hotspo
Event: 3,920 Thread 0x00007f84b4016800 Exception <a 'java/lang/NoSuchMethodError'{0x00000000c7c7a8f8}: 'java.lang.Object java.lang.invoke.DirectMethodHandle$Holder.invokeStatic(java.lang.Object, int, java.lang.Object, java.lang.Object, java.lang.Object, java.lang.Object)'> (0x00000000c7c7a8f8)
Event: 3,921 Thread 0x00007f84b4016800 Exception <a 'java/lang/NoSuchMethodError'{0x00000000c7c819b8}: 'java.lang.Object java.lang.invoke.DirectMethodHandle$Holder.invokeStatic(java.lang.Object, int, java.lang.Object, java.lang.Object, java.lang.Object)'> (0x00000000c7c819b8) thrown at [/build
Event: 3,922 Thread 0x00007f84b4016800 Exception <a 'java/lang/NoSuchMethodError'{0x00000000c7c85500}: 'java.lang.Object java.lang.invoke.DirectMethodHandle$Holder.invokeSpecial(java.lang.Object, java.lang.Object, int, java.lang.Object, java.lang.Object, java.lang.Object)'> (0x00000000c7c85500
Event: 3,928 Thread 0x00007f84b4016800 Exception <a 'java/lang/NoSuchMethodError'{0x00000000c7c9d410}: 'java.lang.Object java.lang.invoke.DirectMethodHandle$Holder.invokeStatic(java.lang.Object, int, java.lang.Object)'> (0x00000000c7c9d410) thrown at [/build/openjdk-lts-iuKaMP/openjdk-lts-11.0
Event: 3,995 Thread 0x00007f84b4016800 Exception <a 'java/lang/NoSuchMethodError'{0x00000000c7b9cd78}: 'java.lang.Object java.lang.invoke.Invokers$Holder.linkToTargetMethod(java.lang.Object, int, java.lang.Object)'> (0x00000000c7b9cd78) thrown at [/build/openjdk-lts-iuKaMP/openjdk-lts-11.0.6+1
Event: 4,018 Thread 0x00007f84b4016800 Exception <a 'java/lang/ClassNotFoundException'{0x00000000c7a070c0}: com/sun/swing/internal/plaf/metal/resources/spi/metalProvider> (0x00000000c7a070c0) thrown at [/build/openjdk-lts-iuKaMP/openjdk-lts-11.0.6+10/src/hotspot/share/classfile/systemDictionar
Event: 4,019 Thread 0x00007f84b4016800 Exception <a 'java/lang/ClassNotFoundException'{0x00000000c7a0dde8}: com/sun/swing/internal/plaf/basic/resources/spi/basicProvider> (0x00000000c7a0dde8) thrown at [/build/openjdk-lts-iuKaMP/openjdk-lts-11.0.6+10/src/hotspot/share/classfile/systemDictionar

Events (20 events):
Event: 3582,561 Executing VM operation: ChangeSingleStep
Event: 3582,561 Executing VM operation: ChangeSingleStep done
Event: 3582,562 Executing VM operation: GetFrameLocation
Event: 3582,562 Executing VM operation: GetFrameLocation done
Event: 3582,562 Executing VM operation: GetOrSetLocal
Event: 3582,562 Executing VM operation: GetOrSetLocal done
Event: 3582,563 Executing VM operation: ChangeSingleStep
Event: 3582,563 Executing VM operation: ChangeSingleStep done
Event: 3582,563 Executing VM operation: GetCurrentContendedMonitor
Event: 3582,563 Executing VM operation: GetCurrentContendedMonitor done
Event: 3582,563 Executing VM operation: GetOwnedMonitorInfo
Event: 3582,563 Executing VM operation: GetOwnedMonitorInfo done
Event: 3582,564 Executing VM operation: GetFrameCount
Event: 3582,564 Executing VM operation: GetFrameCount done
Event: 3582,565 Executing VM operation: GetCurrentContendedMonitor
Event: 3582,565 Executing VM operation: GetCurrentContendedMonitor done
Event: 3582,565 Executing VM operation: GetOwnedMonitorInfo
Event: 3582,565 Executing VM operation: GetOwnedMonitorInfo done
Event: 5169,216 Thread 0x00007f8458001800 Thread exited: 0x00007f8458001800
Event: 5169,274 loading class jdk/internal/misc/Signal$1


Dynamic libraries:
c4c00000-c8800000 rw-p 00000000 00:00 0 
c8800000-ffe00000 ---p 00000000 00:00 0 
ffe00000-ffe47000 rw-p 01105000 08:04 655290                             /usr/lib/jvm/java-11-openjdk-amd64/lib/server/classes.jsa
ffe47000-fff00000 rw-p 00000000 00:00 0 
fff00000-fff6a000 rw-p 0109b000 08:04 655290                             /usr/lib/jvm/java-11-openjdk-amd64/lib/server/classes.jsa
fff6a000-100000000 rw-p 00000000 00:00 0 
800000000-800002000 rwxp 00001000 08:04 655290                           /usr/lib/jvm/java-11-openjdk-amd64/lib/server/classes.jsa
800002000-80109a000 rw-p 00003000 08:04 655290                           /usr/lib/jvm/java-11-openjdk-amd64/lib/server/classes.jsa
840000000-840140000 rw-p 00000000 00:00 0 
840140000-880000000 ---p 00000000 00:00 0 
557b14ecc000-557b14ecd000 r-xp 00000000 08:04 669127                     /usr/lib/jvm/java-11-openjdk-amd64/bin/java
557b150cd000-557b150ce000 r--p 00001000 08:04 669127                     /usr/lib/jvm/java-11-openjdk-amd64/bin/java
557b150ce000-557b150cf000 rw-p 00002000 08:04 669127                     /usr/lib/jvm/java-11-openjdk-amd64/bin/java
557b15e6a000-557b15e8b000 rw-p 00000000 00:00 0                          [heap]
7f842c000000-7f842c021000 rw-p 00000000 00:00 0 
7f842c021000-7f8430000000 ---p 00000000 00:00 0 
7f8434000000-7f8434021000 rw-p 00000000 00:00 0 
7f8434021000-7f8438000000 ---p 00000000 00:00 0 
7f8438000000-7f8438021000 rw-p 00000000 00:00 0 
7f8438021000-7f843c000000 ---p 00000000 00:00 0 
7f843c000000-7f843c021000 rw-p 00000000 00:00 0 
7f843c021000-7f8440000000 ---p 00000000 00:00 0 
7f8440000000-7f8440021000 rw-p 00000000 00:00 0 
7f8440021000-7f8444000000 ---p 00000000 00:00 0 
7f8444000000-7f8444021000 rw-p 00000000 00:00 0 
7f8444021000-7f8448000000 ---p 00000000 00:00 0 
7f8448000000-7f8448021000 rw-p 00000000 00:00 0 
7f8448021000-7f844c000000 ---p 00000000 00:00 0 
7f844cf9f000-7f844d01f000 rw-p 00000000 00:00 0 
7f844d01f000-7f844d19f000 ---p 00000000 00:00 0 
7f844d19f000-7f844d1a0000 ---p 00000000 00:00 0 
7f844d1a0000-7f844d2a1000 rw-p 00000000 00:00 0 
7f844d2a1000-7f844d2a5000 ---p 00000000 00:00 0 
7f844d2a5000-7f844d3a2000 rw-p 00000000 00:00 0 
7f844d3a2000-7f844d3a6000 ---p 00000000 00:00 0 
7f844d3a6000-7f844d4a3000 rw-p 00000000 00:00 0 
7f844d4a3000-7f844d4a8000 r-xp 00000000 08:04 140457                     /usr/lib/x86_64-linux-gnu/libXfixes.so.3.1.0
7f844d4a8000-7f844d6a7000 ---p 00005000 08:04 140457                     /usr/lib/x86_64-linux-gnu/libXfixes.so.3.1.0
7f844d6a7000-7f844d6a8000 r--p 00004000 08:04 140457                     /usr/lib/x86_64-linux-gnu/libXfixes.so.3.1.0
7f844d6a8000-7f844d6a9000 rw-p 00005000 08:04 140457                     /usr/lib/x86_64-linux-gnu/libXfixes.so.3.1.0
7f844d6a9000-7f844d6b2000 r-xp 00000000 08:04 140449                     /usr/lib/x86_64-linux-gnu/libXcursor.so.1.0.2
7f844d6b2000-7f844d8b1000 ---p 00009000 08:04 140449                     /usr/lib/x86_64-linux-gnu/libXcursor.so.1.0.2
7f844d8b1000-7f844d8b2000 r--p 00008000 08:04 140449                     /usr/lib/x86_64-linux-gnu/libXcursor.so.1.0.2
7f844d8b2000-7f844d8b3000 rw-p 00009000 08:04 140449                     /usr/lib/x86_64-linux-gnu/libXcursor.so.1.0.2
7f844d8b3000-7f844d8b4000 ---p 00000000 00:00 0 
7f844d8b4000-7f844e0b4000 rw-p 00000000 00:00 0 
7f844e0b4000-7f844e0b5000 ---p 00000000 00:00 0 
7f844e0b5000-7f844e8b5000 rw-p 00000000 00:00 0 
7f844e8b5000-7f844e8b6000 ---p 00000000 00:00 0 
7f844e8b6000-7f844f0b6000 rw-p 00000000 00:00 0 
7f844f0b6000-7f844f0c2000 r-xp 00000000 08:04 393166                     /usr/lib/x86_64-linux-gnu/gio/modules/libdconfsettings.so
7f844f0c2000-7f844f2c1000 ---p 0000c000 08:04 393166                     /usr/lib/x86_64-linux-gnu/gio/modules/libdconfsettings.so
7f844f2c1000-7f844f2c2000 r--p 0000b000 08:04 393166                     /usr/lib/x86_64-linux-gnu/gio/modules/libdconfsettings.so
7f844f2c2000-7f844f2c3000 rw-p 0000c000 08:04 393166                     /usr/lib/x86_64-linux-gnu/gio/modules/libdconfsettings.so
7f844f2c3000-7f844f2c9000 r-xp 00000000 08:04 2354694                    /lib/x86_64-linux-gnu/libuuid.so.1.3.0
7f844f2c9000-7f844f4c8000 ---p 00006000 08:04 2354694                    /lib/x86_64-linux-gnu/libuuid.so.1.3.0
7f844f4c8000-7f844f4c9000 r--p 00005000 08:04 2354694                    /lib/x86_64-linux-gnu/libuuid.so.1.3.0
7f844f4c9000-7f844f4ca000 rw-p 00006000 08:04 2354694                    /lib/x86_64-linux-gnu/libuuid.so.1.3.0
7f844f4ca000-7f844f511000 r-xp 00000000 08:04 2354711                    /lib/x86_64-linux-gnu/libblkid.so.1.1.0
7f844f511000-7f844f711000 ---p 00047000 08:04 2354711                    /lib/x86_64-linux-gnu/libblkid.so.1.1.0
7f844f711000-7f844f715000 r--p 00047000 08:04 2354711                    /lib/x86_64-linux-gnu/libblkid.so.1.1.0
7f844f715000-7f844f716000 rw-p 0004b000 08:04 2354711                    /lib/x86_64-linux-gnu/libblkid.so.1.1.0
7f844f716000-7f844f717000 rw-p 00000000 00:00 0 
7f844f717000-7f844f787000 r-xp 00000000 08:04 2360741                    /lib/x86_64-linux-gnu/libpcre.so.3.13.3
7f844f787000-7f844f987000 ---p 00070000 08:04 2360741                    /lib/x86_64-linux-gnu/libpcre.so.3.13.3
7f844f987000-7f844f988000 r--p 00070000 08:04 2360741                    /lib/x86_64-linux-gnu/libpcre.so.3.13.3
7f844f988000-7f844f989000 rw-p 00071000 08:04 2360741                    /lib/x86_64-linux-gnu/libpcre.so.3.13.3
7f844f989000-7f844f990000 r-xp 00000000 08:04 140790                     /usr/lib/x86_64-linux-gnu/libffi.so.6.0.4
7f844f990000-7f844fb8f000 ---p 00007000 08:04 140790                     /usr/lib/x86_64-linux-gnu/libffi.so.6.0.4
7f844fb8f000-7f844fb90000 r--p 00006000 08:04 140790                     /usr/lib/x86_64-linux-gnu/libffi.so.6.0.4
7f844fb90000-7f844fb91000 rw-p 00007000 08:04 140790                     /usr/lib/x86_64-linux-gnu/libffi.so.6.0.4
7f844fb91000-7f844fbe2000 r-xp 00000000 08:04 2354772                    /lib/x86_64-linux-gnu/libmount.so.1.1.0
7f844fbe2000-7f844fde1000 ---p 00051000 08:04 2354772                    /lib/x86_64-linux-gnu/libmount.so.1.1.0
7f844fde1000-7f844fde3000 r--p 00050000 08:04 2354772                    /lib/x86_64-linux-gnu/libmount.so.1.1.0
7f844fde3000-7f844fde4000 rw-p 00052000 08:04 2354772                    /lib/x86_64-linux-gnu/libmount.so.1.1.0
7f844fde4000-7f844fde5000 rw-p 00000000 00:00 0 
7f844fde5000-7f844fdfc000 r-xp 00000000 08:04 2360758                    /lib/x86_64-linux-gnu/libresolv-2.27.so
7f844fdfc000-7f844fffc000 ---p 00017000 08:04 2360758                    /lib/x86_64-linux-gnu/libresolv-2.27.so
7f844fffc000-7f844fffd000 r--p 00017000 08:04 2360758                    /lib/x86_64-linux-gnu/libresolv-2.27.so
7f844fffd000-7f844fffe000 rw-p 00018000 08:04 2360758                    /lib/x86_64-linux-gnu/libresolv-2.27.so
7f844fffe000-7f8450000000 rw-p 00000000 00:00 0 
7f8450000000-7f8450021000 rw-p 00000000 00:00 0 
7f8450021000-7f8454000000 ---p 00000000 00:00 0 
7f8454000000-7f8454021000 rw-p 00000000 00:00 0 
7f8454021000-7f8458000000 ---p 00000000 00:00 0 
7f8458000000-7f8458027000 rw-p 00000000 00:00 0 
7f8458027000-7f845c000000 ---p 00000000 00:00 0 
7f845c000000-7f845c021000 rw-p 00000000 00:00 0 
7f845c021000-7f8460000000 ---p 00000000 00:00 0 
7f8460000000-7f8460021000 rw-p 00000000 00:00 0 
7f8460021000-7f8464000000 ---p 00000000 00:00 0 
7f8464000000-7f8464021000 rw-p 00000000 00:00 0 
7f8464021000-7f8468000000 ---p 00000000 00:00 0 
7f8468000000-7f846895b000 rw-p 00000000 00:00 0 
7f846895b000-7f846c000000 ---p 00000000 00:00 0 
7f846c000000-7f846c398000 rw-p 00000000 00:00 0 
7f846c398000-7f8470000000 ---p 00000000 00:00 0 
7f8470000000-7f8470021000 rw-p 00000000 00:00 0 
7f8470021000-7f8474000000 ---p 00000000 00:00 0 
7f847407a000-7f847409f000 r-xp 00000000 08:04 2360764                    /lib/x86_64-linux-gnu/libselinux.so.1
7f847409f000-7f847429e000 ---p 00025000 08:04 2360764                    /lib/x86_64-linux-gnu/libselinux.so.1
7f847429e000-7f847429f000 r--p 00024000 08:04 2360764                    /lib/x86_64-linux-gnu/libselinux.so.1
7f847429f000-7f84742a0000 rw-p 00025000 08:04 2360764                    /lib/x86_64-linux-gnu/libselinux.so.1
7f84742a0000-7f84742a2000 rw-p 00000000 00:00 0 
7f84742a2000-7f84743b6000 r-xp 00000000 08:04 131155                     /usr/lib/x86_64-linux-gnu/libglib-2.0.so.0.5600.4
7f84743b6000-7f84745b6000 ---p 00114000 08:04 131155                     /usr/lib/x86_64-linux-gnu/libglib-2.0.so.0.5600.4
7f84745b6000-7f84745b7000 r--p 00114000 08:04 131155                     /usr/lib/x86_64-linux-gnu/libglib-2.0.so.0.5600.4
7f84745b7000-7f84745b8000 rw-p 00115000 08:04 131155                     /usr/lib/x86_64-linux-gnu/libglib-2.0.so.0.5600.4
7f84745b8000-7f84745b9000 rw-p 00000000 00:00 0 
7f84745b9000-7f84745bc000 r-xp 00000000 08:04 131163                     /usr/lib/x86_64-linux-gnu/libgmodule-2.0.so.0.5600.4
7f84745bc000-7f84747bb000 ---p 00003000 08:04 131163                     /usr/lib/x86_64-linux-gnu/libgmodule-2.0.so.0.5600.4
7f84747bb000-7f84747bc000 r--p 00002000 08:04 131163                     /usr/lib/x86_64-linux-gnu/libgmodule-2.0.so.0.5600.4
7f84747bc000-7f84747bd000 rw-p 00003000 08:04 131163                     /usr/lib/x86_64-linux-gnu/libgmodule-2.0.so.0.5600.4
7f84747bd000-7f847480f000 r-xp 00000000 08:04 131186                     /usr/lib/x86_64-linux-gnu/libgobject-2.0.so.0.5600.4
7f847480f000-7f8474a0f000 ---p 00052000 08:04 131186                     /usr/lib/x86_64-linux-gnu/libgobject-2.0.so.0.5600.4
7f8474a0f000-7f8474a10000 r--p 00052000 08:04 131186                     /usr/lib/x86_64-linux-gnu/libgobject-2.0.so.0.5600.4
7f8474a10000-7f8474a11000 rw-p 00053000 08:04 131186                     /usr/lib/x86_64-linux-gnu/libgobject-2.0.so.0.5600.4
7f8474a11000-7f8474ba6000 r-xp 00000000 08:04 130969                     /usr/lib/x86_64-linux-gnu/libgio-2.0.so.0.5600.4
7f8474ba6000-7f8474da6000 ---p 00195000 08:04 130969                     /usr/lib/x86_64-linux-gnu/libgio-2.0.so.0.5600.4
7f8474da6000-7f8474dad000 r--p 00195000 08:04 130969                     /usr/lib/x86_64-linux-gnu/libgio-2.0.so.0.5600.4
7f8474dad000-7f8474dae000 rw-p 0019c000 08:04 130969                     /usr/lib/x86_64-linux-gnu/libgio-2.0.so.0.5600.4
7f8474dae000-7f8474db0000 rw-p 00000000 00:00 0 
7f8474db0000-7f8474dba000 r-xp 00000000 08:04 140473                     /usr/lib/x86_64-linux-gnu/libXrandr.so.2.2.0
7f8474dba000-7f8474fb9000 ---p 0000a000 08:04 140473                     /usr/lib/x86_64-linux-gnu/libXrandr.so.2.2.0
7f8474fb9000-7f8474fba000 r--p 00009000 08:04 140473                     /usr/lib/x86_64-linux-gnu/libXrandr.so.2.2.0
7f8474fba000-7f8474fbb000 rw-p 0000a000 08:04 140473                     /usr/lib/x86_64-linux-gnu/libXrandr.so.2.2.0
7f8474fbb000-7f8474fec000 r-xp 00000000 08:04 141312                     /usr/lib/x86_64-linux-gnu/libpng16.so.16.34.0
7f8474fec000-7f84751eb000 ---p 00031000 08:04 141312                     /usr/lib/x86_64-linux-gnu/libpng16.so.16.34.0
7f84751eb000-7f84751ec000 r--p 00030000 08:04 141312                     /usr/lib/x86_64-linux-gnu/libpng16.so.16.34.0
7f84751ec000-7f84751ed000 rw-p 00031000 08:04 141312                     /usr/lib/x86_64-linux-gnu/libpng16.so.16.34.0
7f84751ed000-7f847529a000 r-xp 00000000 08:04 140822                     /usr/lib/x86_64-linux-gnu/libfreetype.so.6.15.0
7f847529a000-7f8475499000 ---p 000ad000 08:04 140822                     /usr/lib/x86_64-linux-gnu/libfreetype.so.6.15.0
7f8475499000-7f84754a0000 r--p 000ac000 08:04 140822                     /usr/lib/x86_64-linux-gnu/libfreetype.so.6.15.0
7f84754a0000-7f84754a1000 rw-p 000b3000 08:04 140822                     /usr/lib/x86_64-linux-gnu/libfreetype.so.6.15.0
7f84754a1000-7f84755d5000 r-xp 00000000 08:04 669292                     /usr/lib/jvm/java-11-openjdk-amd64/lib/libfontmanager.so
7f84755d5000-7f84757d4000 ---p 00134000 08:04 669292                     /usr/lib/jvm/java-11-openjdk-amd64/lib/libfontmanager.so
7f84757d4000-7f84757d5000 r--p 00133000 08:04 669292                     /usr/lib/jvm/java-11-openjdk-amd64/lib/libfontmanager.so
7f84757d5000-7f84757d6000 rw-p 00134000 08:04 669292                     /usr/lib/jvm/java-11-openjdk-amd64/lib/libfontmanager.so
7f84757d6000-7f84757d9000 rw-p 00000000 00:00 0 
7f84757d9000-7f84757ec000 r-xp 00000000 08:04 2360615                    /lib/x86_64-linux-gnu/libbsd.so.0.8.7
7f84757ec000-7f84759eb000 ---p 00013000 08:04 2360615                    /lib/x86_64-linux-gnu/libbsd.so.0.8.7
7f84759eb000-7f84759ec000 r--p 00012000 08:04 2360615                    /lib/x86_64-linux-gnu/libbsd.so.0.8.7
7f84759ec000-7f84759ed000 rw-p 00013000 08:04 2360615                    /lib/x86_64-linux-gnu/libbsd.so.0.8.7
7f84759ed000-7f84759ee000 rw-p 00000000 00:00 0 
7f84759ee000-7f84759f3000 r-xp 00000000 08:04 140453                     /usr/lib/x86_64-linux-gnu/libXdmcp.so.6.0.0
7f84759f3000-7f8475bf2000 ---p 00005000 08:04 140453                     /usr/lib/x86_64-linux-gnu/libXdmcp.so.6.0.0
7f8475bf2000-7f8475bf3000 r--p 00004000 08:04 140453                     /usr/lib/x86_64-linux-gnu/libXdmcp.so.6.0.0
7f8475bf3000-7f8475bf4000 rw-p 00005000 08:04 140453                     /usr/lib/x86_64-linux-gnu/libXdmcp.so.6.0.0
7f8475bf4000-7f8475bf6000 r-xp 00000000 08:04 140442                     /usr/lib/x86_64-linux-gnu/libXau.so.6.0.0
7f8475bf6000-7f8475df6000 ---p 00002000 08:04 140442                     /usr/lib/x86_64-linux-gnu/libXau.so.6.0.0
7f8475df6000-7f8475df7000 r--p 00002000 08:04 140442                     /usr/lib/x86_64-linux-gnu/libXau.so.6.0.0
7f8475df7000-7f8475df8000 rw-p 00003000 08:04 140442                     /usr/lib/x86_64-linux-gnu/libXau.so.6.0.0
7f8475df8000-7f8475e1e000 r-xp 00000000 08:04 141655                     /usr/lib/x86_64-linux-gnu/libxcb.so.1.1.0
7f8475e1e000-7f847601e000 ---p 00026000 08:04 141655                     /usr/lib/x86_64-linux-gnu/libxcb.so.1.1.0
7f847601e000-7f847601f000 r--p 00026000 08:04 141655                     /usr/lib/x86_64-linux-gnu/libxcb.so.1.1.0
7f847601f000-7f8476020000 rw-p 00027000 08:04 141655                     /usr/lib/x86_64-linux-gnu/libxcb.so.1.1.0
7f8476020000-7f847602f000 r-xp 00000000 08:04 140463                     /usr/lib/x86_64-linux-gnu/libXi.so.6.1.0
7f847602f000-7f847622e000 ---p 0000f000 08:04 140463                     /usr/lib/x86_64-linux-gnu/libXi.so.6.1.0
7f847622e000-7f847622f000 r--p 0000e000 08:04 140463                     /usr/lib/x86_64-linux-gnu/libXi.so.6.1.0
7f847622f000-7f8476230000 rw-p 0000f000 08:04 140463                     /usr/lib/x86_64-linux-gnu/libXi.so.6.1.0
7f8476230000-7f8476235000 r-xp 00000000 08:04 140481                     /usr/lib/x86_64-linux-gnu/libXtst.so.6.1.0
7f8476235000-7f8476434000 ---p 00005000 08:04 140481                     /usr/lib/x86_64-linux-gnu/libXtst.so.6.1.0
7f8476434000-7f8476435000 r--p 00004000 08:04 140481                     /usr/lib/x86_64-linux-gnu/libXtst.so.6.1.0
7f8476435000-7f8476436000 rw-p 00005000 08:04 140481                     /usr/lib/x86_64-linux-gnu/libXtst.so.6.1.0
7f8476436000-7f847643f000 r-xp 00000000 08:04 140475                     /usr/lib/x86_64-linux-gnu/libXrender.so.1.3.0
7f847643f000-7f847663e000 ---p 00009000 08:04 140475                     /usr/lib/x86_64-linux-gnu/libXrender.so.1.3.0
7f847663e000-7f847663f000 r--p 00008000 08:04 140475                     /usr/lib/x86_64-linux-gnu/libXrender.so.1.3.0
7f847663f000-7f8476640000 rw-p 00009000 08:04 140475                     /usr/lib/x86_64-linux-gnu/libXrender.so.1.3.0
7f8476640000-7f8476773000 r-xp 00000000 08:04 140438                     /usr/lib/x86_64-linux-gnu/libX11.so.6.3.0
7f8476773000-7f8476973000 ---p 00133000 08:04 140438                     /usr/lib/x86_64-linux-gnu/libX11.so.6.3.0
7f8476973000-7f8476974000 r--p 00133000 08:04 140438                     /usr/lib/x86_64-linux-gnu/libX11.so.6.3.0
7f8476974000-7f8476978000 rw-p 00134000 08:04 140438                     /usr/lib/x86_64-linux-gnu/libX11.so.6.3.0
7f8476978000-7f8476989000 r-xp 00000000 08:04 140455                     /usr/lib/x86_64-linux-gnu/libXext.so.6.4.0
7f8476989000-7f8476b88000 ---p 00011000 08:04 140455                     /usr/lib/x86_64-linux-gnu/libXext.so.6.4.0
7f8476b88000-7f8476b89000 r--p 00010000 08:04 140455                     /usr/lib/x86_64-linux-gnu/libXext.so.6.4.0
7f8476b89000-7f8476b8a000 rw-p 00011000 08:04 140455                     /usr/lib/x86_64-linux-gnu/libXext.so.6.4.0
7f8476b8a000-7f8476be9000 r-xp 00000000 08:04 669289                     /usr/lib/jvm/java-11-openjdk-amd64/lib/libawt_xawt.so
7f8476be9000-7f8476de8000 ---p 0005f000 08:04 669289                     /usr/lib/jvm/java-11-openjdk-amd64/lib/libawt_xawt.so
7f8476de8000-7f8476de9000 r--p 0005e000 08:04 669289                     /usr/lib/jvm/java-11-openjdk-amd64/lib/libawt_xawt.so
7f8476de9000-7f8476dec000 rw-p 0005f000 08:04 669289                     /usr/lib/jvm/java-11-openjdk-amd64/lib/libawt_xawt.so
7f8476dec000-7f8476dee000 rw-p 00000000 00:00 0 
7f8476dee000-7f8476e8d000 r-xp 00000000 08:04 669287                     /usr/lib/jvm/java-11-openjdk-amd64/lib/libawt.so
7f8476e8d000-7f847708d000 ---p 0009f000 08:04 669287                     /usr/lib/jvm/java-11-openjdk-amd64/lib/libawt.so
7f847708d000-7f847708e000 r--p 0009f000 08:04 669287                     /usr/lib/jvm/java-11-openjdk-amd64/lib/libawt.so
7f847708e000-7f8477099000 rw-p 000a0000 08:04 669287                     /usr/lib/jvm/java-11-openjdk-amd64/lib/libawt.so
7f8477099000-7f84770be000 rw-p 00000000 00:00 0 
7f84770be000-7f84770bf000 ---p 00000000 00:00 0 
7f84770bf000-7f84771c0000 rw-p 00000000 00:00 0 
7f84771c0000-7f84771d6000 r-xp 00000000 08:04 669310                     /usr/lib/jvm/java-11-openjdk-amd64/lib/libnet.so
7f84771d6000-7f84773d5000 ---p 00016000 08:04 669310                     /usr/lib/jvm/java-11-openjdk-amd64/lib/libnet.so
7f84773d5000-7f84773d6000 r--p 00015000 08:04 669310                     /usr/lib/jvm/java-11-openjdk-amd64/lib/libnet.so
7f84773d6000-7f84773d7000 rw-p 00016000 08:04 669310                     /usr/lib/jvm/java-11-openjdk-amd64/lib/libnet.so
7f84773d7000-7f84773e7000 r-xp 00000000 08:04 669311                     /usr/lib/jvm/java-11-openjdk-amd64/lib/libnio.so
7f84773e7000-7f84775e6000 ---p 00010000 08:04 669311                     /usr/lib/jvm/java-11-openjdk-amd64/lib/libnio.so
7f84775e6000-7f84775e7000 r--p 0000f000 08:04 669311                     /usr/lib/jvm/java-11-openjdk-amd64/lib/libnio.so
7f84775e7000-7f84775e8000 rw-p 00010000 08:04 669311                     /usr/lib/jvm/java-11-openjdk-amd64/lib/libnio.so
7f84775e8000-7f8478000000 r--p 00000000 08:04 137698                     /usr/lib/locale/locale-archive
7f8478000000-7f8478021000 rw-p 00000000 00:00 0 
7f8478021000-7f847c000000 ---p 00000000 00:00 0 
7f847c000000-7f847c021000 rw-p 00000000 00:00 0 
7f847c021000-7f8480000000 ---p 00000000 00:00 0 
7f8480000000-7f8480021000 rw-p 00000000 00:00 0 
7f8480021000-7f8484000000 ---p 00000000 00:00 0 
7f8484000000-7f8484021000 rw-p 00000000 00:00 0 
7f8484021000-7f8488000000 ---p 00000000 00:00 0 
7f8488000000-7f8488021000 rw-p 00000000 00:00 0 
7f8488021000-7f848c000000 ---p 00000000 00:00 0 
7f848c000000-7f848c021000 rw-p 00000000 00:00 0 
7f848c021000-7f8490000000 ---p 00000000 00:00 0 
7f8490000000-7f8490021000 rw-p 00000000 00:00 0 
7f8490021000-7f8494000000 ---p 00000000 00:00 0 
7f8494023000-7f8494027000 ---p 00000000 00:00 0 
7f8494027000-7f8494124000 rw-p 00000000 00:00 0 
7f8494124000-7f8494128000 ---p 00000000 00:00 0 
7f8494128000-7f8494225000 rw-p 00000000 00:00 0 
7f8494225000-7f8494229000 ---p 00000000 00:00 0 
7f8494229000-7f8494326000 rw-p 00000000 00:00 0 
7f8494326000-7f849432a000 ---p 00000000 00:00 0 
7f849432a000-7f8494427000 rw-p 00000000 00:00 0 
7f8494427000-7f849442b000 r-xp 00000000 08:04 669290                     /usr/lib/jvm/java-11-openjdk-amd64/lib/libdt_socket.so
7f849442b000-7f849462b000 ---p 00004000 08:04 669290                     /usr/lib/jvm/java-11-openjdk-amd64/lib/libdt_socket.so
7f849462b000-7f849462c000 r--p 00004000 08:04 669290                     /usr/lib/jvm/java-11-openjdk-amd64/lib/libdt_socket.so
7f849462c000-7f849462d000 rw-p 00005000 08:04 669290                     /usr/lib/jvm/java-11-openjdk-amd64/lib/libdt_socket.so
7f849462d000-7f8494631000 ---p 00000000 00:00 0 
7f8494631000-7f849472e000 rw-p 00000000 00:00 0 
7f849472e000-7f8494732000 ---p 00000000 00:00 0 
7f8494732000-7f849482f000 rw-p 00000000 00:00 0 
7f849482f000-7f8494833000 ---p 00000000 00:00 0 
7f8494833000-7f8497220000 rw-p 00000000 00:00 0 
7f8497220000-7f8497ff8000 ---p 00000000 00:00 0 
7f8497ff8000-7f8498000000 rw-p 00000000 00:00 0 
7f8498000000-7f8498021000 rw-p 00000000 00:00 0 
7f8498021000-7f849c000000 ---p 00000000 00:00 0 
7f849c084000-7f849c088000 ---p 00000000 00:00 0 
7f849c088000-7f849c185000 rw-p 00000000 00:00 0 
7f849c185000-7f849c189000 ---p 00000000 00:00 0 
7f849c189000-7f849c286000 rw-p 00000000 00:00 0 
7f849c286000-7f849c28a000 ---p 00000000 00:00 0 
7f849c28a000-7f849c387000 rw-p 00000000 00:00 0 
7f849c387000-7f849c38b000 ---p 00000000 00:00 0 
7f849c38b000-7f849c488000 rw-p 00000000 00:00 0 
7f849c488000-7f849c489000 ---p 00000000 00:00 0 
7f849c489000-7f849c60b000 rw-p 00000000 00:00 0 
7f849c60b000-7f849c60c000 ---p 00000000 00:00 0 
7f849c60c000-7f849c70d000 rw-p 00000000 00:00 0 
7f849c70d000-7f849c70e000 ---p 00000000 00:00 0 
7f849c70e000-7f849c910000 rw-p 00000000 00:00 0 
7f849c910000-7f849cb80000 rwxp 00000000 00:00 0 
7f849cb80000-7f849cea0000 ---p 00000000 00:00 0 
7f849cea0000-7f849d110000 rwxp 00000000 00:00 0 
7f849d110000-7f84a43d8000 ---p 00000000 00:00 0 
7f84a43d8000-7f84a4648000 rwxp 00000000 00:00 0 
7f84a4648000-7f84ab910000 ---p 00000000 00:00 0 
7f84b4000000-7f84b4629000 rw-p 00000000 00:00 0 
7f84b4629000-7f84b8000000 ---p 00000000 00:00 0 
7f84b801f000-7f84b804c000 r--p 00000000 08:04 395448                     /usr/share/glib-2.0/schemas/gschemas.compiled
7f84b804c000-7f84b834f000 rw-p 00000000 00:00 0 
7f84b834f000-7f84b8350000 ---p 00000000 00:00 0 
7f84b8350000-7f84b8451000 rw-p 00000000 00:00 0 
7f84b8451000-7f84b8452000 ---p 00000000 00:00 0 
7f84b8452000-7f84b8643000 rw-p 00000000 00:00 0 
7f84b8643000-7f84b941b000 ---p 00000000 00:00 0 
7f84b941b000-7f84b9441000 rw-p 00000000 00:00 0 
7f84b9441000-7f84b95fc000 ---p 00000000 00:00 0 
7f84b95fc000-7f84b961b000 rw-p 00000000 00:00 0 
7f84b961b000-7f84b97d6000 ---p 00000000 00:00 0 
7f84b97d6000-7f84b97f5000 rw-p 00000000 00:00 0 
7f84b97f5000-7f84b99b0000 ---p 00000000 00:00 0 
7f84b99b0000-7f84b9db5000 rw-p 00000000 00:00 0 
7f84b9db5000-7f84b9db6000 ---p 00000000 00:00 0 
7f84b9db6000-7f84b9ebc000 rw-p 00000000 00:00 0 
7f84b9ebc000-7f84b9fa2000 ---p 00000000 00:00 0 
7f84b9fa2000-7f84b9fa7000 rw-p 00000000 00:00 0 
7f84b9fa7000-7f84ba08d000 ---p 00000000 00:00 0 
7f84ba08d000-7f84ba092000 r-xp 00000000 08:04 669302                     /usr/lib/jvm/java-11-openjdk-amd64/lib/libjimage.so
7f84ba092000-7f84ba291000 ---p 00005000 08:04 669302                     /usr/lib/jvm/java-11-openjdk-amd64/lib/libjimage.so
7f84ba291000-7f84ba292000 r--p 00004000 08:04 669302                     /usr/lib/jvm/java-11-openjdk-amd64/lib/libjimage.so
7f84ba292000-7f84ba293000 rw-p 00005000 08:04 669302                     /usr/lib/jvm/java-11-openjdk-amd64/lib/libjimage.so
7f84ba293000-7f84ba29a000 r-xp 00000000 08:04 669319                     /usr/lib/jvm/java-11-openjdk-amd64/lib/libzip.so
7f84ba29a000-7f84ba499000 ---p 00007000 08:04 669319                     /usr/lib/jvm/java-11-openjdk-amd64/lib/libzip.so
7f84ba499000-7f84ba49a000 r--p 00006000 08:04 669319                     /usr/lib/jvm/java-11-openjdk-amd64/lib/libzip.so
7f84ba49a000-7f84ba49b000 rw-p 00007000 08:04 669319                     /usr/lib/jvm/java-11-openjdk-amd64/lib/libzip.so
7f84ba49b000-7f84ba4a6000 r-xp 00000000 08:04 2360709                    /lib/x86_64-linux-gnu/libnss_files-2.27.so
7f84ba4a6000-7f84ba6a5000 ---p 0000b000 08:04 2360709                    /lib/x86_64-linux-gnu/libnss_files-2.27.so
7f84ba6a5000-7f84ba6a6000 r--p 0000a000 08:04 2360709                    /lib/x86_64-linux-gnu/libnss_files-2.27.so
7f84ba6a6000-7f84ba6a7000 rw-p 0000b000 08:04 2360709                    /lib/x86_64-linux-gnu/libnss_files-2.27.so
7f84ba6a7000-7f84ba6ad000 rw-p 00000000 00:00 0 
7f84ba6ad000-7f84ba6c4000 r-xp 00000000 08:04 2360703                    /lib/x86_64-linux-gnu/libnsl-2.27.so
7f84ba6c4000-7f84ba8c3000 ---p 00017000 08:04 2360703                    /lib/x86_64-linux-gnu/libnsl-2.27.so
7f84ba8c3000-7f84ba8c4000 r--p 00016000 08:04 2360703                    /lib/x86_64-linux-gnu/libnsl-2.27.so
7f84ba8c4000-7f84ba8c5000 rw-p 00017000 08:04 2360703                    /lib/x86_64-linux-gnu/libnsl-2.27.so
7f84ba8c5000-7f84ba8c7000 rw-p 00000000 00:00 0 
7f84ba8c7000-7f84ba8d2000 r-xp 00000000 08:04 2360720                    /lib/x86_64-linux-gnu/libnss_nis-2.27.so
7f84ba8d2000-7f84baad1000 ---p 0000b000 08:04 2360720                    /lib/x86_64-linux-gnu/libnss_nis-2.27.so
7f84baad1000-7f84baad2000 r--p 0000a000 08:04 2360720                    /lib/x86_64-linux-gnu/libnss_nis-2.27.so
7f84baad2000-7f84baad3000 rw-p 0000b000 08:04 2360720                    /lib/x86_64-linux-gnu/libnss_nis-2.27.so
7f84baad3000-7f84baadb000 r-xp 00000000 08:04 2360705                    /lib/x86_64-linux-gnu/libnss_compat-2.27.so
7f84baadb000-7f84bacdb000 ---p 00008000 08:04 2360705                    /lib/x86_64-linux-gnu/libnss_compat-2.27.so
7f84bacdb000-7f84bacdc000 r--p 00008000 08:04 2360705                    /lib/x86_64-linux-gnu/libnss_compat-2.27.so
7f84bacdc000-7f84bacdd000 rw-p 00009000 08:04 2360705                    /lib/x86_64-linux-gnu/libnss_compat-2.27.so
7f84bacdd000-7f84bace7000 r-xp 00000000 08:04 669293                     /usr/lib/jvm/java-11-openjdk-amd64/lib/libinstrument.so
7f84bace7000-7f84baee6000 ---p 0000a000 08:04 669293                     /usr/lib/jvm/java-11-openjdk-amd64/lib/libinstrument.so
7f84baee6000-7f84baee7000 r--p 00009000 08:04 669293                     /usr/lib/jvm/java-11-openjdk-amd64/lib/libinstrument.so
7f84baee7000-7f84baee8000 rw-p 0000a000 08:04 669293                     /usr/lib/jvm/java-11-openjdk-amd64/lib/libinstrument.so
7f84baee8000-7f84baf23000 r-xp 00000000 08:04 669301                     /usr/lib/jvm/java-11-openjdk-amd64/lib/libjdwp.so
7f84baf23000-7f84bb122000 ---p 0003b000 08:04 669301                     /usr/lib/jvm/java-11-openjdk-amd64/lib/libjdwp.so
7f84bb122000-7f84bb123000 r--p 0003a000 08:04 669301                     /usr/lib/jvm/java-11-openjdk-amd64/lib/libjdwp.so
7f84bb123000-7f84bb124000 rw-p 0003b000 08:04 669301                     /usr/lib/jvm/java-11-openjdk-amd64/lib/libjdwp.so
7f84bb124000-7f84bb14d000 r-xp 00000000 08:04 669298                     /usr/lib/jvm/java-11-openjdk-amd64/lib/libjava.so
7f84bb14d000-7f84bb34c000 ---p 00029000 08:04 669298                     /usr/lib/jvm/java-11-openjdk-amd64/lib/libjava.so
7f84bb34c000-7f84bb34d000 r--p 00028000 08:04 669298                     /usr/lib/jvm/java-11-openjdk-amd64/lib/libjava.so
7f84bb34d000-7f84bb34f000 rw-p 00029000 08:04 669298                     /usr/lib/jvm/java-11-openjdk-amd64/lib/libjava.so
7f84bb34f000-7f84bb35c000 r-xp 00000000 08:04 669318                     /usr/lib/jvm/java-11-openjdk-amd64/lib/libverify.so
7f84bb35c000-7f84bb55b000 ---p 0000d000 08:04 669318                     /usr/lib/jvm/java-11-openjdk-amd64/lib/libverify.so
7f84bb55b000-7f84bb55d000 r--p 0000c000 08:04 669318                     /usr/lib/jvm/java-11-openjdk-amd64/lib/libverify.so
7f84bb55d000-7f84bb55e000 rw-p 0000e000 08:04 669318                     /usr/lib/jvm/java-11-openjdk-amd64/lib/libverify.so
7f84bb55e000-7f84bb565000 r-xp 00000000 08:04 2360760                    /lib/x86_64-linux-gnu/librt-2.27.so
7f84bb565000-7f84bb764000 ---p 00007000 08:04 2360760                    /lib/x86_64-linux-gnu/librt-2.27.so
7f84bb764000-7f84bb765000 r--p 00006000 08:04 2360760                    /lib/x86_64-linux-gnu/librt-2.27.so
7f84bb765000-7f84bb766000 rw-p 00007000 08:04 2360760                    /lib/x86_64-linux-gnu/librt-2.27.so
7f84bb766000-7f84bb77d000 r-xp 00000000 08:04 2360081                    /lib/x86_64-linux-gnu/libgcc_s.so.1
7f84bb77d000-7f84bb97c000 ---p 00017000 08:04 2360081                    /lib/x86_64-linux-gnu/libgcc_s.so.1
7f84bb97c000-7f84bb97d000 r--p 00016000 08:04 2360081                    /lib/x86_64-linux-gnu/libgcc_s.so.1
7f84bb97d000-7f84bb97e000 rw-p 00017000 08:04 2360081                    /lib/x86_64-linux-gnu/libgcc_s.so.1
7f84bb97e000-7f84bbb1b000 r-xp 00000000 08:04 2360682                    /lib/x86_64-linux-gnu/libm-2.27.so
7f84bbb1b000-7f84bbd1a000 ---p 0019d000 08:04 2360682                    /lib/x86_64-linux-gnu/libm-2.27.so
7f84bbd1a000-7f84bbd1b000 r--p 0019c000 08:04 2360682                    /lib/x86_64-linux-gnu/libm-2.27.so
7f84bbd1b000-7f84bbd1c000 rw-p 0019d000 08:04 2360682                    /lib/x86_64-linux-gnu/libm-2.27.so
7f84bbd1c000-7f84bbe95000 r-xp 00000000 08:04 131975                     /usr/lib/x86_64-linux-gnu/libstdc++.so.6.0.25
7f84bbe95000-7f84bc095000 ---p 00179000 08:04 131975                     /usr/lib/x86_64-linux-gnu/libstdc++.so.6.0.25
7f84bc095000-7f84bc09f000 r--p 00179000 08:04 131975                     /usr/lib/x86_64-linux-gnu/libstdc++.so.6.0.25
7f84bc09f000-7f84bc0a1000 rw-p 00183000 08:04 131975                     /usr/lib/x86_64-linux-gnu/libstdc++.so.6.0.25
7f84bc0a1000-7f84bc0a5000 rw-p 00000000 00:00 0 
7f84bc0a5000-7f84bd17e000 r-xp 00000000 08:04 669325                     /usr/lib/jvm/java-11-openjdk-amd64/lib/server/libjvm.so
7f84bd17e000-7f84bd37d000 ---p 010d9000 08:04 669325                     /usr/lib/jvm/java-11-openjdk-amd64/lib/server/libjvm.so
7f84bd37d000-7f84bd43a000 r--p 010d8000 08:04 669325                     /usr/lib/jvm/java-11-openjdk-amd64/lib/server/libjvm.so
7f84bd43a000-7f84bd474000 rw-p 01195000 08:04 669325                     /usr/lib/jvm/java-11-openjdk-amd64/lib/server/libjvm.so
7f84bd474000-7f84bd4ca000 rw-p 00000000 00:00 0 
7f84bd4ca000-7f84bd4e4000 r-xp 00000000 08:04 2360752                    /lib/x86_64-linux-gnu/libpthread-2.27.so
7f84bd4e4000-7f84bd6e3000 ---p 0001a000 08:04 2360752                    /lib/x86_64-linux-gnu/libpthread-2.27.so
7f84bd6e3000-7f84bd6e4000 r--p 00019000 08:04 2360752                    /lib/x86_64-linux-gnu/libpthread-2.27.so
7f84bd6e4000-7f84bd6e5000 rw-p 0001a000 08:04 2360752                    /lib/x86_64-linux-gnu/libpthread-2.27.so
7f84bd6e5000-7f84bd6e9000 rw-p 00000000 00:00 0 
7f84bd6e9000-7f84bd6ec000 r-xp 00000000 08:04 2360642                    /lib/x86_64-linux-gnu/libdl-2.27.so
7f84bd6ec000-7f84bd8eb000 ---p 00003000 08:04 2360642                    /lib/x86_64-linux-gnu/libdl-2.27.so
7f84bd8eb000-7f84bd8ec000 r--p 00002000 08:04 2360642                    /lib/x86_64-linux-gnu/libdl-2.27.so
7f84bd8ec000-7f84bd8ed000 rw-p 00003000 08:04 2360642                    /lib/x86_64-linux-gnu/libdl-2.27.so
7f84bd8ed000-7f84bd909000 r-xp 00000000 08:04 2360791                    /lib/x86_64-linux-gnu/libz.so.1.2.11
7f84bd909000-7f84bdb08000 ---p 0001c000 08:04 2360791                    /lib/x86_64-linux-gnu/libz.so.1.2.11
7f84bdb08000-7f84bdb09000 r--p 0001b000 08:04 2360791                    /lib/x86_64-linux-gnu/libz.so.1.2.11
7f84bdb09000-7f84bdb0a000 rw-p 0001c000 08:04 2360791                    /lib/x86_64-linux-gnu/libz.so.1.2.11
7f84bdb0a000-7f84bdcf1000 r-xp 00000000 08:04 2360619                    /lib/x86_64-linux-gnu/libc-2.27.so
7f84bdcf1000-7f84bdef1000 ---p 001e7000 08:04 2360619                    /lib/x86_64-linux-gnu/libc-2.27.so
7f84bdef1000-7f84bdef5000 r--p 001e7000 08:04 2360619                    /lib/x86_64-linux-gnu/libc-2.27.so
7f84bdef5000-7f84bdef7000 rw-p 001eb000 08:04 2360619                    /lib/x86_64-linux-gnu/libc-2.27.so
7f84bdef7000-7f84bdefb000 rw-p 00000000 00:00 0 
7f84bdefb000-7f84bdf0b000 r-xp 00000000 08:04 669282                     /usr/lib/jvm/java-11-openjdk-amd64/lib/jli/libjli.so
7f84bdf0b000-7f84be10a000 ---p 00010000 08:04 669282                     /usr/lib/jvm/java-11-openjdk-amd64/lib/jli/libjli.so
7f84be10a000-7f84be10b000 r--p 0000f000 08:04 669282                     /usr/lib/jvm/java-11-openjdk-amd64/lib/jli/libjli.so
7f84be10b000-7f84be10c000 rw-p 00010000 08:04 669282                     /usr/lib/jvm/java-11-openjdk-amd64/lib/jli/libjli.so
7f84be10c000-7f84be133000 r-xp 00000000 08:04 2360591                    /lib/x86_64-linux-gnu/ld-2.27.so
7f84be13b000-7f84be13e000 r--p 00000000 08:06 2112422                    /home/x-val/.config/dconf/user (deleted)
7f84be13e000-7f84be13f000 r--s 00000000 00:34 39                         /run/user/1000/dconf/user (deleted)
7f84be13f000-7f84be164000 r--p 00000000 08:04 530112                     /usr/share/locale-langpack/ru/LC_MESSAGES/glib20.mo
7f84be164000-7f84be194000 r--p 00000000 08:04 530201                     /usr/share/locale-langpack/ru/LC_MESSAGES/libc.mo
7f84be194000-7f84be214000 rw-p 00000000 00:00 0 
7f84be214000-7f84be21b000 ---p 00000000 00:00 0 
7f84be21b000-7f84be21f000 ---p 00000000 00:00 0 
7f84be21f000-7f84be31e000 rw-p 00000000 00:00 0 
7f84be31e000-7f84be325000 r--s 00000000 08:04 267621                     /usr/lib/x86_64-linux-gnu/gconv/gconv-modules.cache
7f84be325000-7f84be327000 r--s 00007000 08:04 533407                     /usr/share/java/java-atk-wrapper.jar
7f84be327000-7f84be32f000 rw-s 00000000 08:04 2485582                    /tmp/hsperfdata_x-val/17705
7f84be32f000-7f84be330000 ---p 00000000 00:00 0 
7f84be330000-7f84be331000 r--p 00000000 00:00 0 
7f84be331000-7f84be333000 rw-p 00000000 00:00 0 
7f84be333000-7f84be334000 r--p 00027000 08:04 2360591                    /lib/x86_64-linux-gnu/ld-2.27.so
7f84be334000-7f84be335000 rw-p 00028000 08:04 2360591                    /lib/x86_64-linux-gnu/ld-2.27.so
7f84be335000-7f84be336000 rw-p 00000000 00:00 0 
7ffc347a9000-7ffc347ca000 rw-p 00000000 00:00 0                          [stack]
7ffc347e8000-7ffc347eb000 r--p 00000000 00:00 0                          [vvar]
7ffc347eb000-7ffc347ec000 r-xp 00000000 00:00 0                          [vdso]
ffffffffff600000-ffffffffff601000 --xp 00000000 00:00 0                  [vsyscall]


VM Arguments:
jvm_args: -agentlib:jdwp=transport=dt_socket,suspend=y,address=localhost:35809 -javaagent:/home/x-val/Рабочий стол/eclipse/configuration/org.eclipse.osgi/704/0/.cp/lib/javaagent-shaded.jar -Dfile.encoding=UTF-8 
java_command: ControllerPart.main
java_class_path (initial): /home/x-val/git/Sklad/Sklad/target/classes:/home/x-val/.m2/repository/com/google/inject/guice/4.2.3/guice-4.2.3.jar:/home/x-val/.m2/repository/javax/inject/javax.inject/1/javax.inject-1.jar:/home/x-val/.m2/repository/aopalliance/aopalliance/1.0/aopalliance-1.0.jar:/home/x-val/.m2/repository/com/google/guava/guava/27.1-jre/guava-27.1-jre.jar:/home/x-val/.m2/repository/com/google/guava/failureaccess/1.0.1/failureaccess-1.0.1.jar:/home/x-val/.m2/repository/com/google/guava/listenablefuture/9999.0-empty-to-avoid-conflict-with-guava/listenablefuture-9999.0-empty-to-avoid-conflict-with-guava.jar:/home/x-val/.m2/repository/com/google/code/findbugs/jsr305/3.0.2/jsr305-3.0.2.jar:/home/x-val/.m2/repository/org/checkerframework/checker-qual/2.5.2/checker-qual-2.5.2.jar:/home/x-val/.m2/repository/com/google/errorprone/error_prone_annotations/2.2.0/error_prone_annotations-2.2.0.jar:/home/x-val/.m2/repository/com/google/j2objc/j2objc-annotations/1.1/j2objc-annotations-1.1.jar:/home/x-val/.m2/repository/org/codehaus/mojo/animal-sniffer-annotations/1.17/animal-sniffer-annotations-1.17.jar:/home/x-val/.m2/repository/com/google/inject/extensions/guice-assistedinject/4.2.3/guice-assistedinject-4.2.3.jar:/home/x-val/.m2/repository/log4j/log4j/1.2.17/log4j-1.2.17.jar
Launcher Type: SUN_STANDARD

[Global flags]
     intx CICompilerCount                          = 3                                         {product} {ergonomic}
     uint ConcGCThreads                            = 1                                         {product} {ergonomic}
     uint G1ConcRefinementThreads                  = 4                                         {product} {ergonomic}
   size_t G1HeapRegionSize                         = 1048576                                   {product} {ergonomic}
    uintx GCDrainStackTargetSize                   = 64                                        {product} {ergonomic}
   size_t InitialHeapSize                          = 62914560                                  {product} {ergonomic}
   size_t MarkStackSize                            = 4194304                                   {product} {ergonomic}
   size_t MaxHeapSize                              = 994050048                                 {product} {ergonomic}
   size_t MaxNewSize                               = 595591168                                 {product} {ergonomic}
   size_t MinHeapDeltaBytes                        = 1048576                                   {product} {ergonomic}
    uintx NonNMethodCodeHeapSize                   = 5830732                                {pd product} {ergonomic}
    uintx NonProfiledCodeHeapSize                  = 122913754                              {pd product} {ergonomic}
    uintx ProfiledCodeHeapSize                     = 122913754                              {pd product} {ergonomic}
    uintx ReservedCodeCacheSize                    = 251658240                              {pd product} {ergonomic}
     bool SegmentedCodeCache                       = true                                      {product} {ergonomic}
     bool UseCompressedClassPointers               = true                                 {lp64_product} {ergonomic}
     bool UseCompressedOops                        = true                                 {lp64_product} {ergonomic}
     bool UseG1GC                                  = true                                      {product} {ergonomic}

Logging:
Log output configuration:
 #0: stdout all=warning uptime,level,tags
 #1: stderr all=off uptime,level,tags

Environment Variables:
JAVA_HOME=/usr/lib/jvm/java-11-openjdk-amd64
PATH=/usr/local/sbin:/usr/local/bin:/usr/sbin:/usr/bin:/sbin:/bin:/usr/games:/usr/local/games:/snap/bin
USERNAME=x-val
SHELL=/bin/bash
DISPLAY=:0

Signal Handlers:
SIGSEGV: [libjvm.so+0xdf1470], sa_mask[0]=11111111011111111101111111111110, sa_flags=SA_RESTART|SA_SIGINFO
SIGBUS: [libjvm.so+0xdf1470], sa_mask[0]=11111111011111111101111111111110, sa_flags=SA_RESTART|SA_SIGINFO
SIGFPE: [libjvm.so+0xdf1470], sa_mask[0]=11111111011111111101111111111110, sa_flags=SA_RESTART|SA_SIGINFO
SIGPIPE: SIG_IGN, sa_mask[0]=00000000000010000000000000000000, sa_flags=SA_RESTART
SIGXFSZ: [libjvm.so+0xbc5560], sa_mask[0]=11111111011111111101111111111110, sa_flags=SA_RESTART|SA_SIGINFO
SIGILL: [libjvm.so+0xdf1470], sa_mask[0]=11111111011111111101111111111110, sa_flags=SA_RESTART|SA_SIGINFO
SIGUSR2: [libjvm.so+0xbc5400], sa_mask[0]=00100000000000000000000000000000, sa_flags=SA_RESTART|SA_SIGINFO
SIGHUP: [libjvm.so+0xbc5760], sa_mask[0]=11111111011111111101111111111110, sa_flags=SA_RESTART|SA_SIGINFO
SIGINT: [libjvm.so+0xbc5760], sa_mask[0]=11111111011111111101111111111110, sa_flags=SA_RESTART|SA_SIGINFO
SIGTERM: [libjvm.so+0xbc5760], sa_mask[0]=11111111011111111101111111111110, sa_flags=SA_RESTART|SA_SIGINFO
SIGQUIT: [libjvm.so+0xbc5760], sa_mask[0]=11111111011111111101111111111110, sa_flags=SA_RESTART|SA_SIGINFO


---------------  S Y S T E M  ---------------

OS:DISTRIB_ID=Ubuntu
DISTRIB_RELEASE=18.04
DISTRIB_CODENAME=bionic
DISTRIB_DESCRIPTION="Ubuntu 18.04.4 LTS"
uname:Linux 5.3.0-46-generic #38~18.04.1-Ubuntu SMP Tue Mar 31 04:17:56 UTC 2020 x86_64
libc:glibc 2.27 NPTL 2.27 
rlimit: STACK 8192k, CORE 0k, NPROC 14960, NOFILE 4096, AS infinity, DATA infinity, FSIZE infinity
load average:2,61 2,58 2,66

/proc/meminfo:
MemTotal:        3878712 kB
MemFree:          124040 kB
MemAvailable:     362172 kB
Buffers:           33960 kB
Cached:           663772 kB
SwapCached:        99860 kB
Active:          2560844 kB
Inactive:         816308 kB
Active(anon):    2338388 kB
Inactive(anon):   629428 kB
Active(file):     222456 kB
Inactive(file):   186880 kB
Unevictable:       14488 kB
Mlocked:              96 kB
SwapTotal:       3999740 kB
SwapFree:        2575356 kB
Dirty:               404 kB
Writeback:             0 kB
AnonPages:       2686972 kB
Mapped:           451160 kB
Shmem:            288416 kB
KReclaimable:      68432 kB
Slab:             194588 kB
SReclaimable:      68432 kB
SUnreclaim:       126156 kB
KernelStack:       17376 kB
PageTables:        61200 kB
NFS_Unstable:          0 kB
Bounce:                0 kB
WritebackTmp:          0 kB
CommitLimit:     5939096 kB
Committed_AS:   11886920 kB
VmallocTotal:   34359738367 kB
VmallocUsed:       46716 kB
VmallocChunk:          0 kB
Percpu:             5792 kB
HardwareCorrupted:     0 kB
AnonHugePages:         0 kB
ShmemHugePages:        0 kB
ShmemPmdMapped:        0 kB
CmaTotal:              0 kB
CmaFree:               0 kB
HugePages_Total:       0
HugePages_Free:        0
HugePages_Rsvd:        0
HugePages_Surp:        0
Hugepagesize:       2048 kB
Hugetlb:               0 kB
DirectMap4k:      365524 kB
DirectMap2M:     3676160 kB


/proc/sys/kernel/threads-max (system-wide limit on the number of threads):
29921


/proc/sys/vm/max_map_count (maximum number of memory map areas a process may have):
65530


/proc/sys/kernel/pid_max (system-wide limit on number of process identifiers):
32768



container (cgroup) information:
container_type: cgroupv1
cpu_cpuset_cpus: 0-3
cpu_memory_nodes: 0
active_processor_count: 4
cpu_quota: -1
cpu_period: 100000
cpu_shares: -1
memory_limit_in_bytes: -1
memory_and_swap_limit_in_bytes: -2
memory_soft_limit_in_bytes: -1
memory_usage_in_bytes: 3473903616
memory_max_usage_in_bytes: 3551887360

Steal ticks since vm start: 0
Steal ticks percentage since vm start:  0,000

CPU:total 4 (initial active 4) (2 cores per cpu, 2 threads per core) family 6 model 58 stepping 9, cmov, cx8, fxsr, mmx, sse, sse2, sse3, ssse3, sse4.1, sse4.2, popcnt, avx, aes, clmul, erms, ht, tsc, tscinvbit, tscinv
CPU Model and flags from /proc/cpuinfo:
model name	: Intel(R) Core(TM) i5-3230M CPU @ 2.60GHz
flags		: fpu vme de pse tsc msr pae mce cx8 apic sep mtrr pge mca cmov pat pse36 clflush dts acpi mmx fxsr sse sse2 ss ht tm pbe syscall nx rdtscp lm constant_tsc arch_perfmon pebs bts rep_good nopl xtopology nonstop_tsc cpuid aperfmperf pni pclmulqdq dtes64 monitor ds_cpl vmx est tm2 ssse3 cx16 xtpr pdcm pcid sse4_1 sse4_2 x2apic popcnt tsc_deadline_timer aes xsave avx f16c rdrand lahf_lm cpuid_fault epb pti ssbd ibrs ibpb stibp tpr_shadow vnmi flexpriority ept vpid fsgsbase smep erms xsaveopt dtherm ida arat pln pts md_clear flush_l1d

Memory: 4k page, physical 3878712k(124040k free), swap 3999740k(2575356k free)

vm_info: OpenJDK 64-Bit Server VM (11.0.6+10-post-Ubuntu-1ubuntu118.04.1) for linux-amd64 JRE (11.0.6+10-post-Ubuntu-1ubuntu118.04.1), built on Jan 15 2020 15:14:00 by "unknown" with gcc 7.4.0

END.
